Defsize(16, 12);
Allocated y 0x8130240
Allocated 0x8130278
Allocated 0x8130290
Allocated 0x81302a8
Allocated 0x81302c0
Allocated 0x81302d8
Allocated 0x81302f0
Allocated 0x8130308
Allocated 0x8130320
Allocated 0x8130338
Allocated 0x8130350
Allocated 0x8130368
Allocated 0x8130380
Allocated z 0x8130398
Defsize(16, 16);
Allocated y 0x81303a8
Allocated 0x81303f0
Allocated 0x8130408
Allocated 0x8130420
Allocated 0x8130438
Allocated 0x8130450
Allocated 0x8130468
Allocated 0x8130480
Allocated 0x8130498
Allocated 0x81304b0
Allocated 0x81304c8
Allocated 0x81304e0
Allocated 0x81304f8
Allocated 0x8130510
Allocated 0x8130528
Allocated 0x8130540
Allocated 0x8130558
Allocated z 0x8130570
Defsize(16, 16);
Allocated y 0x8130580
Allocated 0x81305c8
Allocated 0x81305e0
Allocated 0x81305f8
Allocated 0x8130610
Allocated 0x8130628
Allocated 0x8130640
Allocated 0x8130658
Allocated 0x8130670
Allocated 0x8130688
Allocated 0x81306a0
Allocated 0x81306b8
Allocated 0x81306d0
Allocated 0x81306e8
Allocated 0x8130700
Allocated 0x8130718
Allocated 0x8130730
Allocated z 0x8130748
Defsize(16, 16);
Allocated y 0x8130758
Allocated 0x81307a0
Allocated 0x81307b8
Allocated 0x81307d0
Allocated 0x81307e8
Allocated 0x8130800
Allocated 0x8130818
Allocated 0x8130830
Allocated 0x8130848
Allocated 0x8130860
Allocated 0x8130878
Allocated 0x8130890
Allocated 0x81308a8
Allocated 0x81308c0
Allocated 0x81308d8
Allocated 0x81308f0
Allocated 0x8130908
Allocated z 0x8130920
Defsize(16, 16);
Allocated y 0x8130930
Allocated 0x8130978
Allocated 0x8130990
Allocated 0x81309a8
Allocated 0x81309c0
Allocated 0x81309d8
Allocated 0x81309f0
Allocated 0x8130a08
Allocated 0x8130a20
Allocated 0x8130a38
Allocated 0x8130a50
Allocated 0x8130a68
Allocated 0x8130a80
Allocated 0x8130a98
Allocated 0x8130ab0
Allocated 0x8130ac8
Allocated 0x8130ae0
Allocated z 0x8130af8
Defsize(16, 16);
Allocated y 0x8130b08
Allocated 0x8130b50
Allocated 0x8130b68
Allocated 0x8130b80
Allocated 0x8130b98
Allocated 0x8130bb0
Allocated 0x8130bc8
Allocated 0x8130be0
Allocated 0x8130bf8
Allocated 0x8130c10
Allocated 0x8130c28
Allocated 0x8130c40
Allocated 0x8130c58
Allocated 0x8130c70
Allocated 0x8130c88
Allocated 0x8130ca0
Allocated 0x8130cb8
Allocated z 0x8130cd0
Defsize(16, 16);
Allocated y 0x8130ce0
Allocated 0x8130d28
Allocated 0x8130d40
Allocated 0x8130d58
Allocated 0x8130d70
Allocated 0x8130d88
Allocated 0x8130da0
Allocated 0x8130db8
Allocated 0x8130dd0
Allocated 0x8130de8
Allocated 0x8130e00
Allocated 0x8130e18
Allocated 0x8130e30
Allocated 0x8130e48
Allocated 0x8130e60
Allocated 0x8130e78
Allocated 0x8130e90
Allocated z 0x8130ea8
Defsize(16, 16);
Allocated y 0x8130eb8
Allocated 0x8130f00
Allocated 0x8130f18
Allocated 0x8130f30
Allocated 0x8130f48
Allocated 0x8130f60
Allocated 0x8130f78
Allocated 0x8130f90
Allocated 0x8130fa8
Allocated 0x8130fc0
Allocated 0x8130fd8
Allocated 0x8130ff0
Allocated 0x8131008
Allocated 0x8131020
Allocated 0x8131038
Allocated 0x8131050
Allocated 0x8131068
Allocated z 0x8131080
Defsize(16, 16);
Allocated y 0x8131090
Allocated 0x81310d8
Allocated 0x81310f0
Allocated 0x8131108
Allocated 0x8131120
Allocated 0x8131138
Allocated 0x8131150
Allocated 0x8131168
Allocated 0x8131180
Allocated 0x8131198
Allocated 0x81311b0
Allocated 0x81311c8
Allocated 0x81311e0
Allocated 0x81311f8
Allocated 0x8131210
Allocated 0x8131228
Allocated 0x8131240
Allocated z 0x8131258
Defsize(16, 16);
Allocated y 0x8131268
Allocated 0x81312b0
Allocated 0x81312c8
Allocated 0x81312e0
Allocated 0x81312f8
Allocated 0x8131310
Allocated 0x8131328
Allocated 0x8131340
Allocated 0x8131358
Allocated 0x8131370
Allocated 0x8131388
Allocated 0x81313a0
Allocated 0x81313b8
Allocated 0x81313d0
Allocated 0x81313e8
Allocated 0x8131400
Allocated 0x8131418
Allocated z 0x8131430
Defsize(16, 16);
Allocated y 0x8131440
Allocated 0x8131488
Allocated 0x81314a0
Allocated 0x81314b8
Allocated 0x81314d0
Allocated 0x81314e8
Allocated 0x8131500
Allocated 0x8131518
Allocated 0x8131530
Allocated 0x8131548
Allocated 0x8131560
Allocated 0x8131578
Allocated 0x8131590
Allocated 0x81315a8
Allocated 0x81315c0
Allocated 0x81315d8
Allocated 0x81315f0
Allocated z 0x8131608
Defsize(16, 16);
Allocated y 0x8131618
Allocated 0x8131660
Allocated 0x8131678
Allocated 0x8131690
Allocated 0x81316a8
Allocated 0x81316c0
Allocated 0x81316d8
Allocated 0x81316f0
Allocated 0x8131708
Allocated 0x8131720
Allocated 0x8131738
Allocated 0x8131750
Allocated 0x8131768
Allocated 0x8131780
Allocated 0x8131798
Allocated 0x81317b0
Allocated 0x81317c8
Allocated z 0x81317e0
Defsize(16, 16);
Allocated y 0x81317f0
Allocated 0x8131838
Allocated 0x8131850
Allocated 0x8131868
Allocated 0x8131880
Allocated 0x8131898
Allocated 0x81318b0
Allocated 0x81318c8
Allocated 0x81318e0
Allocated 0x81318f8
Allocated 0x8131910
Allocated 0x8131928
Allocated 0x8131940
Allocated 0x8131958
Allocated 0x8131970
Allocated 0x8131988
Allocated 0x81319a0
Allocated z 0x81319b8
Defsize(16, 16);
Allocated y 0x81319c8
Allocated 0x8131a10
Allocated 0x8131a28
Allocated 0x8131a40
Allocated 0x8131a58
Allocated 0x8131a70
Allocated 0x8131a88
Allocated 0x8131aa0
Allocated 0x8131ab8
Allocated 0x8131ad0
Allocated 0x8131ae8
Allocated 0x8131b00
Allocated 0x8131b18
Allocated 0x8131b30
Allocated 0x8131b48
Allocated 0x8131b60
Allocated 0x8131b78
Allocated z 0x8131b90
Defsize(16, 16);
Allocated y 0x8131ba0
Allocated 0x8131be8
Allocated 0x8131c00
Allocated 0x8131c18
Allocated 0x8131c30
Allocated 0x8131c48
Allocated 0x8131c60
Allocated 0x8131c78
Allocated 0x8131c90
Allocated 0x8131ca8
Allocated 0x8131cc0
Allocated 0x8131cd8
Allocated 0x8131cf0
Allocated 0x8131d08
Allocated 0x8131d20
Allocated 0x8131d38
Allocated 0x8131d50
Allocated z 0x8131d68
Defsize(16, 16);
Allocated y 0x8131d78
Allocated 0x8131dc0
Allocated 0x8131dd8
Allocated 0x8131df0
Allocated 0x8131e08
Allocated 0x8131e20
Allocated 0x8131e38
Allocated 0x8131e50
Allocated 0x8131e68
Allocated 0x8131e80
Allocated 0x8131e98
Allocated 0x8131eb0
Allocated 0x8131ec8
Allocated 0x8131ee0
Allocated 0x8131ef8
Allocated 0x8131f10
Allocated 0x8131f28
Allocated z 0x8131f40
Defsize(16, 16);
Allocated y 0x8131f50
Allocated 0x8131f98
Allocated 0x8131fb0
Allocated 0x8131fc8
Allocated 0x8131fe0
Allocated 0x8131ff8
Allocated 0x8132010
Allocated 0x8132028
Allocated 0x8132040
Allocated 0x8132058
Allocated 0x8132070
Allocated 0x8132088
Allocated 0x81320a0
Allocated 0x81320b8
Allocated 0x81320d0
Allocated 0x81320e8
Allocated 0x8132100
Allocated z 0x8132118
Defsize(16, 16);
Allocated y 0x8132128
Allocated 0x8132170
Allocated 0x8132188
Allocated 0x81321a0
Allocated 0x81321b8
Allocated 0x81321d0
Allocated 0x81321e8
Allocated 0x8132200
Allocated 0x8132218
Allocated 0x8132230
Allocated 0x8132248
Allocated 0x8132260
Allocated 0x8132278
Allocated 0x8132290
Allocated 0x81322a8
Allocated 0x81322c0
Allocated 0x81322d8
Allocated z 0x81322f0
Defsize(16, 16);
Allocated y 0x8132300
Allocated 0x8132348
Allocated 0x8132360
Allocated 0x8132378
Allocated 0x8132390
Allocated 0x81323a8
Allocated 0x81323c0
Allocated 0x81323d8
Allocated 0x81323f0
Allocated 0x8132408
Allocated 0x8132420
Allocated 0x8132438
Allocated 0x8132450
Allocated 0x8132468
Allocated 0x8132480
Allocated 0x8132498
Allocated 0x81324b0
Allocated z 0x81324c8
Defsize(16, 16);
Allocated y 0x81324d8
Allocated 0x8132520
Allocated 0x8132538
Allocated 0x8132550
Allocated 0x8132568
Allocated 0x8132580
Allocated 0x8132598
Allocated 0x81325b0
Allocated 0x81325c8
Allocated 0x81325e0
Allocated 0x81325f8
Allocated 0x8132610
Allocated 0x8132628
Allocated 0x8132640
Allocated 0x8132658
Allocated 0x8132670
Allocated 0x8132688
Allocated z 0x81326a0
Defsize(16, 16);
Allocated y 0x81326b0
Allocated 0x81326f8
Allocated 0x8132710
Allocated 0x8132728
Allocated 0x8132740
Allocated 0x8132758
Allocated 0x8132770
Allocated 0x8132788
Allocated 0x81327a0
Allocated 0x81327b8
Allocated 0x81327d0
Allocated 0x81327e8
Allocated 0x8132800
Allocated 0x8132818
Allocated 0x8132830
Allocated 0x8132848
Allocated 0x8132860
Allocated z 0x8132878
Defsize(16, 16);
Allocated y 0x8132888
Allocated 0x81328d0
Allocated 0x81328e8
Allocated 0x8132900
Allocated 0x8132918
Allocated 0x8132930
Allocated 0x8132948
Allocated 0x8132960
Allocated 0x8132978
Allocated 0x8132990
Allocated 0x81329a8
Allocated 0x81329c0
Allocated 0x81329d8
Allocated 0x81329f0
Allocated 0x8132a08
Allocated 0x8132a20
Allocated 0x8132a38
Allocated z 0x8132a50
Defsize(16, 16);
Allocated y 0x8132a60
Allocated 0x8132aa8
Allocated 0x8132ac0
Allocated 0x8132ad8
Allocated 0x8132af0
Allocated 0x8132b08
Allocated 0x8132b20
Allocated 0x8132b38
Allocated 0x8132b50
Allocated 0x8132b68
Allocated 0x8132b80
Allocated 0x8132b98
Allocated 0x8132bb0
Allocated 0x8132bc8
Allocated 0x8132be0
Allocated 0x8132bf8
Allocated 0x8132c10
Allocated z 0x8132c28
Defsize(16, 16);
Allocated y 0x8132c38
Allocated 0x8132c80
Allocated 0x8132c98
Allocated 0x8132cb0
Allocated 0x8132cc8
Allocated 0x8132ce0
Allocated 0x8132cf8
Allocated 0x8132d10
Allocated 0x8132d28
Allocated 0x8132d40
Allocated 0x8132d58
Allocated 0x8132d70
Allocated 0x8132d88
Allocated 0x8132da0
Allocated 0x8132db8
Allocated 0x8132dd0
Allocated 0x8132de8
Allocated z 0x8132e00
Defsize(16, 16);
Allocated y 0x8132e10
Allocated 0x8132e58
Allocated 0x8132e70
Allocated 0x8132e88
Allocated 0x8132ea0
Allocated 0x8132eb8
Allocated 0x8132ed0
Allocated 0x8132ee8
Allocated 0x8132f00
Allocated 0x8132f18
Allocated 0x8132f30
Allocated 0x8132f48
Allocated 0x8132f60
Allocated 0x8132f78
Allocated 0x8132f90
Allocated 0x8132fa8
Allocated 0x8132fc0
Allocated z 0x8132fd8
Defsize(16, 16);
Allocated y 0x8132fe8
Allocated 0x8133030
Allocated 0x8133048
Allocated 0x8133060
Allocated 0x8133078
Allocated 0x8133090
Allocated 0x81330a8
Allocated 0x81330c0
Allocated 0x81330d8
Allocated 0x81330f0
Allocated 0x8133108
Allocated 0x8133120
Allocated 0x8133138
Allocated 0x8133150
Allocated 0x8133168
Allocated 0x8133180
Allocated 0x8133198
Allocated z 0x81331b0
Defsize(16, 16);
Allocated y 0x81331c0
Allocated 0x8133208
Allocated 0x8133220
Allocated 0x8133238
Allocated 0x8133250
Allocated 0x8133268
Allocated 0x8133280
Allocated 0x8133298
Allocated 0x81332b0
Allocated 0x81332c8
Allocated 0x81332e0
Allocated 0x81332f8
Allocated 0x8133310
Allocated 0x8133328
Allocated 0x8133340
Allocated 0x8133358
Allocated 0x8133370
Allocated z 0x8133388
Defsize(16, 16);
Allocated y 0x8133398
Allocated 0x81333e0
Allocated 0x81333f8
Allocated 0x8133410
Allocated 0x8133428
Allocated 0x8133440
Allocated 0x8133458
Allocated 0x8133470
Allocated 0x8133488
Allocated 0x81334a0
Allocated 0x81334b8
Allocated 0x81334d0
Allocated 0x81334e8
Allocated 0x8133500
Allocated 0x8133518
Allocated 0x8133530
Allocated 0x8133548
Allocated z 0x8133560
Defsize(16, 16);
Allocated y 0x8133570
Allocated 0x81335b8
Allocated 0x81335d0
Allocated 0x81335e8
Allocated 0x8133600
Allocated 0x8133618
Allocated 0x8133630
Allocated 0x8133648
Allocated 0x8133660
Allocated 0x8133678
Allocated 0x8133690
Allocated 0x81336a8
Allocated 0x81336c0
Allocated 0x81336d8
Allocated 0x81336f0
Allocated 0x8133708
Allocated 0x8133720
Allocated z 0x8133738
Defsize(16, 16);
Allocated y 0x8133748
Allocated 0x8133790
Allocated 0x81337a8
Allocated 0x81337c0
Allocated 0x81337d8
Allocated 0x81337f0
Allocated 0x8133808
Allocated 0x8133820
Allocated 0x8133838
Allocated 0x8133850
Allocated 0x8133868
Allocated 0x8133880
Allocated 0x8133898
Allocated 0x81338b0
Allocated 0x81338c8
Allocated 0x81338e0
Allocated 0x81338f8
Allocated z 0x8133910
Defsize(16, 16);
Allocated y 0x8133920
Allocated 0x8133968
Allocated 0x8133980
Allocated 0x8133998
Allocated 0x81339b0
Allocated 0x81339c8
Allocated 0x81339e0
Allocated 0x81339f8
Allocated 0x8133a10
Allocated 0x8133a28
Allocated 0x8133a40
Allocated 0x8133a58
Allocated 0x8133a70
Allocated 0x8133a88
Allocated 0x8133aa0
Allocated 0x8133ab8
Allocated 0x8133ad0
Allocated z 0x8133ae8
Defsize(16, 16);
Allocated y 0x8133af8
Allocated 0x8133b40
Allocated 0x8133b58
Allocated 0x8133b70
Allocated 0x8133b88
Allocated 0x8133ba0
Allocated 0x8133bb8
Allocated 0x8133bd0
Allocated 0x8133be8
Allocated 0x8133c00
Allocated 0x8133c18
Allocated 0x8133c30
Allocated 0x8133c48
Allocated 0x8133c60
Allocated 0x8133c78
Allocated 0x8133c90
Allocated 0x8133ca8
Allocated z 0x8133cc0
Defsize(16, 16);
Allocated y 0x8133cd0
Allocated 0x8133d18
Allocated 0x8133d30
Allocated 0x8133d48
Allocated 0x8133d60
Allocated 0x8133d78
Allocated 0x8133d90
Allocated 0x8133da8
Allocated 0x8133dc0
Allocated 0x8133dd8
Allocated 0x8133df0
Allocated 0x8133e08
Allocated 0x8133e20
Allocated 0x8133e38
Allocated 0x8133e50
Allocated 0x8133e68
Allocated 0x8133e80
Allocated z 0x8133e98
Defsize(16, 16);
Allocated y 0x8133ea8
Allocated 0x8133ef0
Allocated 0x8133f08
Allocated 0x8133f20
Allocated 0x8133f38
Allocated 0x8133f50
Allocated 0x8133f68
Allocated 0x8133f80
Allocated 0x8133f98
Allocated 0x8133fb0
Allocated 0x8133fc8
Allocated 0x8133fe0
Allocated 0x8133ff8
Allocated 0x8134010
Allocated 0x8134028
Allocated 0x8134040
Allocated 0x8134058
Allocated z 0x8134070
Defsize(16, 16);
Allocated y 0x8134080
Allocated 0x81340c8
Allocated 0x81340e0
Allocated 0x81340f8
Allocated 0x8134110
Allocated 0x8134128
Allocated 0x8134140
Allocated 0x8134158
Allocated 0x8134170
Allocated 0x8134188
Allocated 0x81341a0
Allocated 0x81341b8
Allocated 0x81341d0
Allocated 0x81341e8
Allocated 0x8134200
Allocated 0x8134218
Allocated 0x8134230
Allocated z 0x8134248
Defsize(16, 16);
Allocated y 0x8134258
Allocated 0x81342a0
Allocated 0x81342b8
Allocated 0x81342d0
Allocated 0x81342e8
Allocated 0x8134300
Allocated 0x8134318
Allocated 0x8134330
Allocated 0x8134348
Allocated 0x8134360
Allocated 0x8134378
Allocated 0x8134390
Allocated 0x81343a8
Allocated 0x81343c0
Allocated 0x81343d8
Allocated 0x81343f0
Allocated 0x8134408
Allocated z 0x8134420
Defsize(16, 16);
Allocated y 0x8134430
Allocated 0x8134478
Allocated 0x8134490
Allocated 0x81344a8
Allocated 0x81344c0
Allocated 0x81344d8
Allocated 0x81344f0
Allocated 0x8134508
Allocated 0x8134520
Allocated 0x8134538
Allocated 0x8134550
Allocated 0x8134568
Allocated 0x8134580
Allocated 0x8134598
Allocated 0x81345b0
Allocated 0x81345c8
Allocated 0x81345e0
Allocated z 0x81345f8
Defsize(16, 16);
Allocated y 0x8134608
Allocated 0x8134650
Allocated 0x8134668
Allocated 0x8134680
Allocated 0x8134698
Allocated 0x81346b0
Allocated 0x81346c8
Allocated 0x81346e0
Allocated 0x81346f8
Allocated 0x8134710
Allocated 0x8134728
Allocated 0x8134740
Allocated 0x8134758
Allocated 0x8134770
Allocated 0x8134788
Allocated 0x81347a0
Allocated 0x81347b8
Allocated z 0x81347d0
Defsize(16, 16);
Allocated y 0x81347e0
Allocated 0x8134828
Allocated 0x8134840
Allocated 0x8134858
Allocated 0x8134870
Allocated 0x8134888
Allocated 0x81348a0
Allocated 0x81348b8
Allocated 0x81348d0
Allocated 0x81348e8
Allocated 0x8134900
Allocated 0x8134918
Allocated 0x8134930
Allocated 0x8134948
Allocated 0x8134960
Allocated 0x8134978
Allocated 0x8134990
Allocated z 0x81349a8
Defsize(16, 16);
Allocated y 0x81349b8
Allocated 0x8134a00
Allocated 0x8134a18
Allocated 0x8134a30
Allocated 0x8134a48
Allocated 0x8134a60
Allocated 0x8134a78
Allocated 0x8134a90
Allocated 0x8134aa8
Allocated 0x8134ac0
Allocated 0x8134ad8
Allocated 0x8134af0
Allocated 0x8134b08
Allocated 0x8134b20
Allocated 0x8134b38
Allocated 0x8134b50
Allocated 0x8134b68
Allocated z 0x8134b80
Defsize(16, 16);
Allocated y 0x8134b90
Allocated 0x8134bd8
Allocated 0x8134bf0
Allocated 0x8134c08
Allocated 0x8134c20
Allocated 0x8134c38
Allocated 0x8134c50
Allocated 0x8134c68
Allocated 0x8134c80
Allocated 0x8134c98
Allocated 0x8134cb0
Allocated 0x8134cc8
Allocated 0x8134ce0
Allocated 0x8134cf8
Allocated 0x8134d10
Allocated 0x8134d28
Allocated 0x8134d40
Allocated z 0x8134d58
Defsize(16, 16);
Allocated y 0x8134d68
Allocated 0x8134db0
Allocated 0x8134dc8
Allocated 0x8134de0
Allocated 0x8134df8
Allocated 0x8134e10
Allocated 0x8134e28
Allocated 0x8134e40
Allocated 0x8134e58
Allocated 0x8134e70
Allocated 0x8134e88
Allocated 0x8134ea0
Allocated 0x8134eb8
Allocated 0x8134ed0
Allocated 0x8134ee8
Allocated 0x8134f00
Allocated 0x8134f18
Allocated z 0x8134f30
Defsize(16, 16);
Allocated y 0x8134f40
Allocated 0x8134f88
Allocated 0x8134fa0
Allocated 0x8134fb8
Allocated 0x8134fd0
Allocated 0x8134fe8
Allocated 0x8135000
Allocated 0x8135018
Allocated 0x8135030
Allocated 0x8135048
Allocated 0x8135060
Allocated 0x8135078
Allocated 0x8135090
Allocated 0x81350a8
Allocated 0x81350c0
Allocated 0x81350d8
Allocated 0x81350f0
Allocated z 0x8135108
Defsize(16, 16);
Allocated y 0x8135118
Allocated 0x8135160
Allocated 0x8135178
Allocated 0x8135190
Allocated 0x81351a8
Allocated 0x81351c0
Allocated 0x81351d8
Allocated 0x81351f0
Allocated 0x8135208
Allocated 0x8135220
Allocated 0x8135238
Allocated 0x8135250
Allocated 0x8135268
Allocated 0x8135280
Allocated 0x8135298
Allocated 0x81352b0
Allocated 0x81352c8
Allocated z 0x81352e0
Defsize(16, 16);
Allocated y 0x81352f0
Allocated 0x8135338
Allocated 0x8135350
Allocated 0x8135368
Allocated 0x8135380
Allocated 0x8135398
Allocated 0x81353b0
Allocated 0x81353c8
Allocated 0x81353e0
Allocated 0x81353f8
Allocated 0x8135410
Allocated 0x8135428
Allocated 0x8135440
Allocated 0x8135458
Allocated 0x8135470
Allocated 0x8135488
Allocated 0x81354a0
Allocated z 0x81354b8
Defsize(16, 16);
Allocated y 0x81354c8
Allocated 0x8135510
Allocated 0x8135528
Allocated 0x8135540
Allocated 0x8135558
Allocated 0x8135570
Allocated 0x8135588
Allocated 0x81355a0
Allocated 0x81355b8
Allocated 0x81355d0
Allocated 0x81355e8
Allocated 0x8135600
Allocated 0x8135618
Allocated 0x8135630
Allocated 0x8135648
Allocated 0x8135660
Allocated 0x8135678
Allocated z 0x8135690
Defsize(16, 16);
Allocated y 0x81356a0
Allocated 0x81356e8
Allocated 0x8135700
Allocated 0x8135718
Allocated 0x8135730
Allocated 0x8135748
Allocated 0x8135760
Allocated 0x8135778
Allocated 0x8135790
Allocated 0x81357a8
Allocated 0x81357c0
Allocated 0x81357d8
Allocated 0x81357f0
Allocated 0x8135808
Allocated 0x8135820
Allocated 0x8135838
Allocated 0x8135850
Allocated z 0x8135868
Defsize(16, 16);
Allocated y 0x8135878
Allocated 0x81358c0
Allocated 0x81358d8
Allocated 0x81358f0
Allocated 0x8135908
Allocated 0x8135920
Allocated 0x8135938
Allocated 0x8135950
Allocated 0x8135968
Allocated 0x8135980
Allocated 0x8135998
Allocated 0x81359b0
Allocated 0x81359c8
Allocated 0x81359e0
Allocated 0x81359f8
Allocated 0x8135a10
Allocated 0x8135a28
Allocated z 0x8135a40
Defsize(16, 16);
Allocated y 0x8135a50
Allocated 0x8135a98
Allocated 0x8135ab0
Allocated 0x8135ac8
Allocated 0x8135ae0
Allocated 0x8135af8
Allocated 0x8135b10
Allocated 0x8135b28
Allocated 0x8135b40
Allocated 0x8135b58
Allocated 0x8135b70
Allocated 0x8135b88
Allocated 0x8135ba0
Allocated 0x8135bb8
Allocated 0x8135bd0
Allocated 0x8135be8
Allocated 0x8135c00
Allocated z 0x8135c18
Defsize(16, 16);
Allocated y 0x8135c28
Allocated 0x8135c70
Allocated 0x8135c88
Allocated 0x8135ca0
Allocated 0x8135cb8
Allocated 0x8135cd0
Allocated 0x8135ce8
Allocated 0x8135d00
Allocated 0x8135d18
Allocated 0x8135d30
Allocated 0x8135d48
Allocated 0x8135d60
Allocated 0x8135d78
Allocated 0x8135d90
Allocated 0x8135da8
Allocated 0x8135dc0
Allocated 0x8135dd8
Allocated z 0x8135df0
Defsize(16, 16);
Allocated y 0x8135e00
Allocated 0x8135e48
Allocated 0x8135e60
Allocated 0x8135e78
Allocated 0x8135e90
Allocated 0x8135ea8
Allocated 0x8135ec0
Allocated 0x8135ed8
Allocated 0x8135ef0
Allocated 0x8135f08
Allocated 0x8135f20
Allocated 0x8135f38
Allocated 0x8135f50
Allocated 0x8135f68
Allocated 0x8135f80
Allocated 0x8135f98
Allocated 0x8135fb0
Allocated z 0x8135fc8
Defsize(16, 16);
Allocated y 0x8135fd8
Allocated 0x8136020
Allocated 0x8136038
Allocated 0x8136050
Allocated 0x8136068
Allocated 0x8136080
Allocated 0x8136098
Allocated 0x81360b0
Allocated 0x81360c8
Allocated 0x81360e0
Allocated 0x81360f8
Allocated 0x8136110
Allocated 0x8136128
Allocated 0x8136140
Allocated 0x8136158
Allocated 0x8136170
Allocated 0x8136188
Allocated z 0x81361a0
Defsize(16, 16);
Allocated y 0x81361b0
Allocated 0x81361f8
Allocated 0x8136210
Allocated 0x8136228
Allocated 0x8136240
Allocated 0x8136258
Allocated 0x8136270
Allocated 0x8136288
Allocated 0x81362a0
Allocated 0x81362b8
Allocated 0x81362d0
Allocated 0x81362e8
Allocated 0x8136300
Allocated 0x8136318
Allocated 0x8136330
Allocated 0x8136348
Allocated 0x8136360
Allocated z 0x8136378
Defsize(16, 16);
Allocated y 0x8136388
Allocated 0x81363d0
Allocated 0x81363e8
Allocated 0x8136400
Allocated 0x8136418
Allocated 0x8136430
Allocated 0x8136448
Allocated 0x8136460
Allocated 0x8136478
Allocated 0x8136490
Allocated 0x81364a8
Allocated 0x81364c0
Allocated 0x81364d8
Allocated 0x81364f0
Allocated 0x8136508
Allocated 0x8136520
Allocated 0x8136538
Allocated z 0x8136550
Defsize(16, 16);
Allocated y 0x8136560
Allocated 0x81365a8
Allocated 0x81365c0
Allocated 0x81365d8
Allocated 0x81365f0
Allocated 0x8136608
Allocated 0x8136620
Allocated 0x8136638
Allocated 0x8136650
Allocated 0x8136668
Allocated 0x8136680
Allocated 0x8136698
Allocated 0x81366b0
Allocated 0x81366c8
Allocated 0x81366e0
Allocated 0x81366f8
Allocated 0x8136710
Allocated z 0x8136728
Defsize(16, 16);
Allocated y 0x8136738
Allocated 0x8136780
Allocated 0x8136798
Allocated 0x81367b0
Allocated 0x81367c8
Allocated 0x81367e0
Allocated 0x81367f8
Allocated 0x8136810
Allocated 0x8136828
Allocated 0x8136840
Allocated 0x8136858
Allocated 0x8136870
Allocated 0x8136888
Allocated 0x81368a0
Allocated 0x81368b8
Allocated 0x81368d0
Allocated 0x81368e8
Allocated z 0x8136900
Defsize(16, 16);
Allocated y 0x8136910
Allocated 0x8136958
Allocated 0x8136970
Allocated 0x8136988
Allocated 0x81369a0
Allocated 0x81369b8
Allocated 0x81369d0
Allocated 0x81369e8
Allocated 0x8136a00
Allocated 0x8136a18
Allocated 0x8136a30
Allocated 0x8136a48
Allocated 0x8136a60
Allocated 0x8136a78
Allocated 0x8136a90
Allocated 0x8136aa8
Allocated 0x8136ac0
Allocated z 0x8136ad8
Defsize(16, 16);
Allocated y 0x8136ae8
Allocated 0x8136b30
Allocated 0x8136b48
Allocated 0x8136b60
Allocated 0x8136b78
Allocated 0x8136b90
Allocated 0x8136ba8
Allocated 0x8136bc0
Allocated 0x8136bd8
Allocated 0x8136bf0
Allocated 0x8136c08
Allocated 0x8136c20
Allocated 0x8136c38
Allocated 0x8136c50
Allocated 0x8136c68
Allocated 0x8136c80
Allocated 0x8136c98
Allocated z 0x8136cb0
Defsize(16, 16);
Allocated y 0x8136cc0
Allocated 0x8136d08
Allocated 0x8136d20
Allocated 0x8136d38
Allocated 0x8136d50
Allocated 0x8136d68
Allocated 0x8136d80
Allocated 0x8136d98
Allocated 0x8136db0
Allocated 0x8136dc8
Allocated 0x8136de0
Allocated 0x8136df8
Allocated 0x8136e10
Allocated 0x8136e28
Allocated 0x8136e40
Allocated 0x8136e58
Allocated 0x8136e70
Allocated z 0x8136e88
Defsize(16, 16);
Allocated y 0x8136e98
Allocated 0x8136ee0
Allocated 0x8136ef8
Allocated 0x8136f10
Allocated 0x8136f28
Allocated 0x8136f40
Allocated 0x8136f58
Allocated 0x8136f70
Allocated 0x8136f88
Allocated 0x8136fa0
Allocated 0x8136fb8
Allocated 0x8136fd0
Allocated 0x8136fe8
Allocated 0x8137000
Allocated 0x8137018
Allocated 0x8137030
Allocated 0x8137048
Allocated z 0x8137060
Defsize(16, 16);
Allocated y 0x8137070
Allocated 0x81370b8
Allocated 0x81370d0
Allocated 0x81370e8
Allocated 0x8137100
Allocated 0x8137118
Allocated 0x8137130
Allocated 0x8137148
Allocated 0x8137160
Allocated 0x8137178
Allocated 0x8137190
Allocated 0x81371a8
Allocated 0x81371c0
Allocated 0x81371d8
Allocated 0x81371f0
Allocated 0x8137208
Allocated 0x8137220
Allocated z 0x8137238
Defsize(16, 16);
Allocated y 0x8137248
Allocated 0x8137290
Allocated 0x81372a8
Allocated 0x81372c0
Allocated 0x81372d8
Allocated 0x81372f0
Allocated 0x8137308
Allocated 0x8137320
Allocated 0x8137338
Allocated 0x8137350
Allocated 0x8137368
Allocated 0x8137380
Allocated 0x8137398
Allocated 0x81373b0
Allocated 0x81373c8
Allocated 0x81373e0
Allocated 0x81373f8
Allocated z 0x8137410
Defsize(16, 16);
Allocated y 0x8137420
Allocated 0x8137468
Allocated 0x8137480
Allocated 0x8137498
Allocated 0x81374b0
Allocated 0x81374c8
Allocated 0x81374e0
Allocated 0x81374f8
Allocated 0x8137510
Allocated 0x8137528
Allocated 0x8137540
Allocated 0x8137558
Allocated 0x8137570
Allocated 0x8137588
Allocated 0x81375a0
Allocated 0x81375b8
Allocated 0x81375d0
Allocated z 0x81375e8
Defsize(16, 16);
Allocated y 0x81375f8
Allocated 0x8137640
Allocated 0x8137658
Allocated 0x8137670
Allocated 0x8137688
Allocated 0x81376a0
Allocated 0x81376b8
Allocated 0x81376d0
Allocated 0x81376e8
Allocated 0x8137700
Allocated 0x8137718
Allocated 0x8137730
Allocated 0x8137748
Allocated 0x8137760
Allocated 0x8137778
Allocated 0x8137790
Allocated 0x81377a8
Allocated z 0x81377c0
Defsize(16, 16);
Allocated y 0x81377d0
Allocated 0x8137818
Allocated 0x8137830
Allocated 0x8137848
Allocated 0x8137860
Allocated 0x8137878
Allocated 0x8137890
Allocated 0x81378a8
Allocated 0x81378c0
Allocated 0x81378d8
Allocated 0x81378f0
Allocated 0x8137908
Allocated 0x8137920
Allocated 0x8137938
Allocated 0x8137950
Allocated 0x8137968
Allocated 0x8137980
Allocated z 0x8137998
Defsize(16, 16);
Allocated y 0x81379a8
Allocated 0x81379f0
Allocated 0x8137a08
Allocated 0x8137a20
Allocated 0x8137a38
Allocated 0x8137a50
Allocated 0x8137a68
Allocated 0x8137a80
Allocated 0x8137a98
Allocated 0x8137ab0
Allocated 0x8137ac8
Allocated 0x8137ae0
Allocated 0x8137af8
Allocated 0x8137b10
Allocated 0x8137b28
Allocated 0x8137b40
Allocated 0x8137b58
Allocated z 0x8137b70
Defsize(16, 16);
Allocated y 0x8137b80
Allocated 0x8137bc8
Allocated 0x8137be0
Allocated 0x8137bf8
Allocated 0x8137c10
Allocated 0x8137c28
Allocated 0x8137c40
Allocated 0x8137c58
Allocated 0x8137c70
Allocated 0x8137c88
Allocated 0x8137ca0
Allocated 0x8137cb8
Allocated 0x8137cd0
Allocated 0x8137ce8
Allocated 0x8137d00
Allocated 0x8137d18
Allocated 0x8137d30
Allocated z 0x8137d48
Defsize(16, 16);
Allocated y 0x8137d58
Allocated 0x8137da0
Allocated 0x8137db8
Allocated 0x8137dd0
Allocated 0x8137de8
Allocated 0x8137e00
Allocated 0x8137e18
Allocated 0x8137e30
Allocated 0x8137e48
Allocated 0x8137e60
Allocated 0x8137e78
Allocated 0x8137e90
Allocated 0x8137ea8
Allocated 0x8137ec0
Allocated 0x8137ed8
Allocated 0x8137ef0
Allocated 0x8137f08
Allocated z 0x8137f20
Defsize(16, 16);
Allocated y 0x8137f30
Allocated 0x8137f78
Allocated 0x8137f90
Allocated 0x8137fa8
Allocated 0x8137fc0
Allocated 0x8137fd8
Allocated 0x8137ff0
Allocated 0x8138008
Allocated 0x8138020
Allocated 0x8138038
Allocated 0x8138050
Allocated 0x8138068
Allocated 0x8138080
Allocated 0x8138098
Allocated 0x81380b0
Allocated 0x81380c8
Allocated 0x81380e0
Allocated z 0x81380f8
Defsize(16, 16);
Allocated y 0x8138108
Allocated 0x8138150
Allocated 0x8138168
Allocated 0x8138180
Allocated 0x8138198
Allocated 0x81381b0
Allocated 0x81381c8
Allocated 0x81381e0
Allocated 0x81381f8
Allocated 0x8138210
Allocated 0x8138228
Allocated 0x8138240
Allocated 0x8138258
Allocated 0x8138270
Allocated 0x8138288
Allocated 0x81382a0
Allocated 0x81382b8
Allocated z 0x81382d0
Defsize(16, 16);
Allocated y 0x81382e0
Allocated 0x8138328
Allocated 0x8138340
Allocated 0x8138358
Allocated 0x8138370
Allocated 0x8138388
Allocated 0x81383a0
Allocated 0x81383b8
Allocated 0x81383d0
Allocated 0x81383e8
Allocated 0x8138400
Allocated 0x8138418
Allocated 0x8138430
Allocated 0x8138448
Allocated 0x8138460
Allocated 0x8138478
Allocated 0x8138490
Allocated z 0x81384a8
Defsize(16, 16);
Allocated y 0x81384b8
Allocated 0x8138500
Allocated 0x8138518
Allocated 0x8138530
Allocated 0x8138548
Allocated 0x8138560
Allocated 0x8138578
Allocated 0x8138590
Allocated 0x81385a8
Allocated 0x81385c0
Allocated 0x81385d8
Allocated 0x81385f0
Allocated 0x8138608
Allocated 0x8138620
Allocated 0x8138638
Allocated 0x8138650
Allocated 0x8138668
Allocated z 0x8138680
Defsize(16, 16);
Allocated y 0x8138690
Allocated 0x81386d8
Allocated 0x81386f0
Allocated 0x8138708
Allocated 0x8138720
Allocated 0x8138738
Allocated 0x8138750
Allocated 0x8138768
Allocated 0x8138780
Allocated 0x8138798
Allocated 0x81387b0
Allocated 0x81387c8
Allocated 0x81387e0
Allocated 0x81387f8
Allocated 0x8138810
Allocated 0x8138828
Allocated 0x8138840
Allocated z 0x8138858
Defsize(16, 16);
Allocated y 0x8138868
Allocated 0x81388b0
Allocated 0x81388c8
Allocated 0x81388e0
Allocated 0x81388f8
Allocated 0x8138910
Allocated 0x8138928
Allocated 0x8138940
Allocated 0x8138958
Allocated 0x8138970
Allocated 0x8138988
Allocated 0x81389a0
Allocated 0x81389b8
Allocated 0x81389d0
Allocated 0x81389e8
Allocated 0x8138a00
Allocated 0x8138a18
Allocated z 0x8138a30
Defsize(16, 16);
Allocated y 0x8138a40
Allocated 0x8138a88
Allocated 0x8138aa0
Allocated 0x8138ab8
Allocated 0x8138ad0
Allocated 0x8138ae8
Allocated 0x8138b00
Allocated 0x8138b18
Allocated 0x8138b30
Allocated 0x8138b48
Allocated 0x8138b60
Allocated 0x8138b78
Allocated 0x8138b90
Allocated 0x8138ba8
Allocated 0x8138bc0
Allocated 0x8138bd8
Allocated 0x8138bf0
Allocated z 0x8138c08
Defsize(16, 16);
Allocated y 0x8138c18
Allocated 0x8138c60
Allocated 0x8138c78
Allocated 0x8138c90
Allocated 0x8138ca8
Allocated 0x8138cc0
Allocated 0x8138cd8
Allocated 0x8138cf0
Allocated 0x8138d08
Allocated 0x8138d20
Allocated 0x8138d38
Allocated 0x8138d50
Allocated 0x8138d68
Allocated 0x8138d80
Allocated 0x8138d98
Allocated 0x8138db0
Allocated 0x8138dc8
Allocated z 0x8138de0
User 2.0: Engine Initializing....
Defsize(4, 10);
Allocated y 0x81552d0
Allocated 0x8155300
Allocated 0x8155310
Allocated 0x8155320
Allocated 0x8155330
Allocated 0x8155340
Allocated 0x8155350
Allocated 0x8155360
Allocated 0x8155370
Allocated 0x8155380
Allocated 0x8155390
Allocated z 0x81553a0
Defsize(1, 8);
Allocated y 0x81553f0
Allocated 0x8155418
Allocated 0x8155428
Allocated 0x8155438
Allocated 0x8155448
Allocated 0x8155458
Allocated 0x8155468
Allocated 0x8155478
Allocated 0x8155488
Allocated z 0x8155498
Defsize(3, 2);
Allocated y 0x81554e8
Allocated 0x81554f8
Allocated 0x8155508
Allocated z 0x8155518
Defsize(5, 7);
Allocated y 0x8155568
Allocated 0x8155588
Allocated 0x8155598
Allocated 0x81555a8
Allocated 0x81555b8
Allocated 0x81555c8
Allocated 0x81555d8
Allocated 0x81555e8
Allocated z 0x81555f8
Defsize(5, 8);
Allocated y 0x8155648
Allocated 0x8155670
Allocated 0x8155680
Allocated 0x8155690
Allocated 0x81556a0
Allocated 0x81556b0
Allocated 0x81556c0
Allocated 0x81556d0
Allocated 0x81556e0
Allocated z 0x81556f0
Defsize(7, 7);
Allocated y 0x8155740
Allocated 0x8155760
Allocated 0x8155770
Allocated 0x8155780
Allocated 0x8155790
Allocated 0x81557a0
Allocated 0x81557b0
Allocated 0x81557c0
Allocated z 0x81557d0
Defsize(6, 8);
Allocated y 0x8155820
Allocated 0x8155848
Allocated 0x8155858
Allocated 0x8155868
Allocated 0x8155878
Allocated 0x8155888
Allocated 0x8155898
Allocated 0x81558a8
Allocated 0x81558b8
Allocated z 0x81558c8
Defsize(2, 2);
Allocated y 0x8155918
Allocated 0x8155928
Allocated 0x8155938
Allocated z 0x8155948
Defsize(2, 9);
Allocated y 0x8155998
Allocated 0x81559c0
Allocated 0x81559d0
Allocated 0x81559e0
Allocated 0x81559f0
Allocated 0x8155a00
Allocated 0x8155a10
Allocated 0x8155a20
Allocated 0x8155a30
Allocated 0x8155a40
Allocated z 0x8155a50
Defsize(2, 9);
Allocated y 0x8155aa0
Allocated 0x8155ac8
Allocated 0x8155ad8
Allocated 0x8155ae8
Allocated 0x8155af8
Allocated 0x8155b08
Allocated 0x8155b18
Allocated 0x8155b28
Allocated 0x8155b38
Allocated 0x8155b48
Allocated z 0x8155b58
Defsize(5, 7);
Allocated y 0x8155ba8
Allocated 0x8155bc8
Allocated 0x8155bd8
Allocated 0x8155be8
Allocated 0x8155bf8
Allocated 0x8155c08
Allocated 0x8155c18
Allocated 0x8155c28
Allocated z 0x8155c38
Defsize(5, 5);
Allocated y 0x8155c88
Allocated 0x8155ca0
Allocated 0x8155cb0
Allocated 0x8155cc0
Allocated 0x8155cd0
Allocated 0x8155ce0
Allocated z 0x8155cf0
Defsize(2, 2);
Allocated y 0x8155d40
Allocated 0x8155d50
Allocated 0x8155d60
Allocated z 0x8155d70
Defsize(4, 1);
Allocated y 0x8155dc0
Allocated 0x8155dd0
Allocated z 0x8155de0
Defsize(1, 1);
Allocated y 0x8155e30
Allocated 0x8155e40
Allocated z 0x8155e50
Defsize(4, 8);
Allocated y 0x8155ea0
Allocated 0x8155ec8
Allocated 0x8155ed8
Allocated 0x8155ee8
Allocated 0x8155ef8
Allocated 0x8155f08
Allocated 0x8155f18
Allocated 0x8155f28
Allocated 0x8155f38
Allocated z 0x8155f48
Defsize(5, 8);
Allocated y 0x8155f98
Allocated 0x8155fc0
Allocated 0x8155fd0
Allocated 0x8155fe0
Allocated 0x8155ff0
Allocated 0x8156000
Allocated 0x8156010
Allocated 0x8156020
Allocated 0x8156030
Allocated z 0x8156040
Defsize(2, 8);
Allocated y 0x8156090
Allocated 0x81560b8
Allocated 0x81560c8
Allocated 0x81560d8
Allocated 0x81560e8
Allocated 0x81560f8
Allocated 0x8156108
Allocated 0x8156118
Allocated 0x8156128
Allocated z 0x8156138
Defsize(5, 8);
Allocated y 0x8156188
Allocated 0x81561b0
Allocated 0x81561c0
Allocated 0x81561d0
Allocated 0x81561e0
Allocated 0x81561f0
Allocated 0x8156200
Allocated 0x8156210
Allocated 0x8156220
Allocated z 0x8156230
Defsize(5, 8);
Allocated y 0x8156280
Allocated 0x81562a8
Allocated 0x81562b8
Allocated 0x81562c8
Allocated 0x81562d8
Allocated 0x81562e8
Allocated 0x81562f8
Allocated 0x8156308
Allocated 0x8156318
Allocated z 0x8156328
Defsize(5, 8);
Allocated y 0x8156378
Allocated 0x81563a0
Allocated 0x81563b0
Allocated 0x81563c0
Allocated 0x81563d0
Allocated 0x81563e0
Allocated 0x81563f0
Allocated 0x8156400
Allocated 0x8156410
Allocated z 0x8156420
Defsize(5, 8);
Allocated y 0x8156470
Allocated 0x8156498
Allocated 0x81564a8
Allocated 0x81564b8
Allocated 0x81564c8
Allocated 0x81564d8
Allocated 0x81564e8
Allocated 0x81564f8
Allocated 0x8156508
Allocated z 0x8156518
Defsize(5, 8);
Allocated y 0x8156568
Allocated 0x8156590
Allocated 0x81565a0
Allocated 0x81565b0
Allocated 0x81565c0
Allocated 0x81565d0
Allocated 0x81565e0
Allocated 0x81565f0
Allocated 0x8156600
Allocated z 0x8156610
Defsize(5, 8);
Allocated y 0x8156660
Allocated 0x8156688
Allocated 0x8156698
Allocated 0x81566a8
Allocated 0x81566b8
Allocated 0x81566c8
Allocated 0x81566d8
Allocated 0x81566e8
Allocated 0x81566f8
Allocated z 0x8156708
Defsize(5, 8);
Allocated y 0x8156758
Allocated 0x8156780
Allocated 0x8156790
Allocated 0x81567a0
Allocated 0x81567b0
Allocated 0x81567c0
Allocated 0x81567d0
Allocated 0x81567e0
Allocated 0x81567f0
Allocated z 0x8156800
Defsize(5, 8);
Allocated y 0x8156850
Allocated 0x8156878
Allocated 0x8156888
Allocated 0x8156898
Allocated 0x81568a8
Allocated 0x81568b8
Allocated 0x81568c8
Allocated 0x81568d8
Allocated 0x81568e8
Allocated z 0x81568f8
Defsize(1, 5);
Allocated y 0x8156948
Allocated 0x8156960
Allocated 0x8156970
Allocated 0x8156980
Allocated 0x8156990
Allocated 0x81569a0
Allocated z 0x81569b0
Defsize(2, 6);
Allocated y 0x8156a00
Allocated 0x8156a20
Allocated 0x8156a30
Allocated 0x8156a40
Allocated 0x8156a50
Allocated 0x8156a60
Allocated 0x8156a70
Allocated z 0x8156a80
Defsize(4, 7);
Allocated y 0x8156ad0
Allocated 0x8156af0
Allocated 0x8156b00
Allocated 0x8156b10
Allocated 0x8156b20
Allocated 0x8156b30
Allocated 0x8156b40
Allocated 0x8156b50
Allocated z 0x8156b60
Defsize(4, 3);
Allocated y 0x8156bb0
Allocated 0x8156bc0
Allocated 0x8156bd0
Allocated 0x8156be0
Allocated z 0x8156bf0
Defsize(4, 7);
Allocated y 0x8156c40
Allocated 0x8156c60
Allocated 0x8156c70
Allocated 0x8156c80
Allocated 0x8156c90
Allocated 0x8156ca0
Allocated 0x8156cb0
Allocated 0x8156cc0
Allocated z 0x8156cd0
Defsize(5, 8);
Allocated y 0x8156d20
Allocated 0x8156d48
Allocated 0x8156d58
Allocated 0x8156d68
Allocated 0x8156d78
Allocated 0x8156d88
Allocated 0x8156d98
Allocated 0x8156da8
Allocated 0x8156db8
Allocated z 0x8156dc8
Defsize(8, 8);
Allocated y 0x8156e18
Allocated 0x8156e40
Allocated 0x8156e50
Allocated 0x8156e60
Allocated 0x8156e70
Allocated 0x8156e80
Allocated 0x8156e90
Allocated 0x8156ea0
Allocated 0x8156eb0
Allocated z 0x8156ec0
Defsize(6, 8);
Allocated y 0x8156f10
Allocated 0x8156f38
Allocated 0x8156f48
Allocated 0x8156f58
Allocated 0x8156f68
Allocated 0x8156f78
Allocated 0x8156f88
Allocated 0x8156f98
Allocated 0x8156fa8
Allocated z 0x8156fb8
Defsize(6, 8);
Allocated y 0x8157008
Allocated 0x8157030
Allocated 0x8157040
Allocated 0x8157050
Allocated 0x8157060
Allocated 0x8157070
Allocated 0x8157080
Allocated 0x8157090
Allocated 0x81570a0
Allocated z 0x81570b0
Defsize(6, 8);
Allocated y 0x8157100
Allocated 0x8157128
Allocated 0x8157138
Allocated 0x8157148
Allocated 0x8157158
Allocated 0x8157168
Allocated 0x8157178
Allocated 0x8157188
Allocated 0x8157198
Allocated z 0x81571a8
Defsize(6, 8);
Allocated y 0x81571f8
Allocated 0x8157220
Allocated 0x8157230
Allocated 0x8157240
Allocated 0x8157250
Allocated 0x8157260
Allocated 0x8157270
Allocated 0x8157280
Allocated 0x8157290
Allocated z 0x81572a0
Defsize(5, 8);
Allocated y 0x81572f0
Allocated 0x8157318
Allocated 0x8157328
Allocated 0x8157338
Allocated 0x8157348
Allocated 0x8157358
Allocated 0x8157368
Allocated 0x8157378
Allocated 0x8157388
Allocated z 0x8157398
Defsize(5, 8);
Allocated y 0x81573e8
Allocated 0x8157410
Allocated 0x8157420
Allocated 0x8157430
Allocated 0x8157440
Allocated 0x8157450
Allocated 0x8157460
Allocated 0x8157470
Allocated 0x8157480
Allocated z 0x8157490
Defsize(7, 8);
Allocated y 0x81574e0
Allocated 0x8157508
Allocated 0x8157518
Allocated 0x8157528
Allocated 0x8157538
Allocated 0x8157548
Allocated 0x8157558
Allocated 0x8157568
Allocated 0x8157578
Allocated z 0x8157588
Defsize(6, 8);
Allocated y 0x81575d8
Allocated 0x8157600
Allocated 0x8157610
Allocated 0x8157620
Allocated 0x8157630
Allocated 0x8157640
Allocated 0x8157650
Allocated 0x8157660
Allocated 0x8157670
Allocated z 0x8157680
Defsize(3, 8);
Allocated y 0x81576d0
Allocated 0x81576f8
Allocated 0x8157708
Allocated 0x8157718
Allocated 0x8157728
Allocated 0x8157738
Allocated 0x8157748
Allocated 0x8157758
Allocated 0x8157768
Allocated z 0x8157778
Defsize(4, 8);
Allocated y 0x81577c8
Allocated 0x81577f0
Allocated 0x8157800
Allocated 0x8157810
Allocated 0x8157820
Allocated 0x8157830
Allocated 0x8157840
Allocated 0x8157850
Allocated 0x8157860
Allocated z 0x8157870
Defsize(6, 8);
Allocated y 0x81578c0
Allocated 0x81578e8
Allocated 0x81578f8
Allocated 0x8157908
Allocated 0x8157918
Allocated 0x8157928
Allocated 0x8157938
Allocated 0x8157948
Allocated 0x8157958
Allocated z 0x8157968
Defsize(5, 8);
Allocated y 0x81579b8
Allocated 0x81579e0
Allocated 0x81579f0
Allocated 0x8157a00
Allocated 0x8157a10
Allocated 0x8157a20
Allocated 0x8157a30
Allocated 0x8157a40
Allocated 0x8157a50
Allocated z 0x8157a60
Defsize(7, 8);
Allocated y 0x8157ab0
Allocated 0x8157ad8
Allocated 0x8157ae8
Allocated 0x8157af8
Allocated 0x8157b08
Allocated 0x8157b18
Allocated 0x8157b28
Allocated 0x8157b38
Allocated 0x8157b48
Allocated z 0x8157b58
Defsize(6, 8);
Allocated y 0x8157ba8
Allocated 0x8157bd0
Allocated 0x8157be0
Allocated 0x8157bf0
Allocated 0x8157c00
Allocated 0x8157c10
Allocated 0x8157c20
Allocated 0x8157c30
Allocated 0x8157c40
Allocated z 0x8157c50
Defsize(7, 8);
Allocated y 0x8157ca0
Allocated 0x8157cc8
Allocated 0x8157cd8
Allocated 0x8157ce8
Allocated 0x8157cf8
Allocated 0x8157d08
Allocated 0x8157d18
Allocated 0x8157d28
Allocated 0x8157d38
Allocated z 0x8157d48
Defsize(6, 8);
Allocated y 0x8157d98
Allocated 0x8157dc0
Allocated 0x8157dd0
Allocated 0x8157de0
Allocated 0x8157df0
Allocated 0x8157e00
Allocated 0x8157e10
Allocated 0x8157e20
Allocated 0x8157e30
Allocated z 0x8157e40
Defsize(7, 9);
Allocated y 0x8157e90
Allocated 0x8157eb8
Allocated 0x8157ec8
Allocated 0x8157ed8
Allocated 0x8157ee8
Allocated 0x8157ef8
Allocated 0x8157f08
Allocated 0x8157f18
Allocated 0x8157f28
Allocated 0x8157f38
Allocated z 0x8157f48
Defsize(6, 8);
Allocated y 0x8157f98
Allocated 0x8157fc0
Allocated 0x8157fd0
Allocated 0x8157fe0
Allocated 0x8157ff0
Allocated 0x8158000
Allocated 0x8158010
Allocated 0x8158020
Allocated 0x8158030
Allocated z 0x8158040
Defsize(6, 8);
Allocated y 0x8158090
Allocated 0x81580b8
Allocated 0x81580c8
Allocated 0x81580d8
Allocated 0x81580e8
Allocated 0x81580f8
Allocated 0x8158108
Allocated 0x8158118
Allocated 0x8158128
Allocated z 0x8158138
Defsize(5, 8);
Allocated y 0x8158188
Allocated 0x81581b0
Allocated 0x81581c0
Allocated 0x81581d0
Allocated 0x81581e0
Allocated 0x81581f0
Allocated 0x8158200
Allocated 0x8158210
Allocated 0x8158220
Allocated z 0x8158230
Defsize(6, 8);
Allocated y 0x8158280
Allocated 0x81582a8
Allocated 0x81582b8
Allocated 0x81582c8
Allocated 0x81582d8
Allocated 0x81582e8
Allocated 0x81582f8
Allocated 0x8158308
Allocated 0x8158318
Allocated z 0x8158328
Defsize(6, 8);
Allocated y 0x8158378
Allocated 0x81583a0
Allocated 0x81583b0
Allocated 0x81583c0
Allocated 0x81583d0
Allocated 0x81583e0
Allocated 0x81583f0
Allocated 0x8158400
Allocated 0x8158410
Allocated z 0x8158420
Defsize(8, 8);
Allocated y 0x8158470
Allocated 0x8158498
Allocated 0x81584a8
Allocated 0x81584b8
Allocated 0x81584c8
Allocated 0x81584d8
Allocated 0x81584e8
Allocated 0x81584f8
Allocated 0x8158508
Allocated z 0x8158518
Defsize(6, 8);
Allocated y 0x8158568
Allocated 0x8158590
Allocated 0x81585a0
Allocated 0x81585b0
Allocated 0x81585c0
Allocated 0x81585d0
Allocated 0x81585e0
Allocated 0x81585f0
Allocated 0x8158600
Allocated z 0x8158610
Defsize(7, 8);
Allocated y 0x8158660
Allocated 0x8158688
Allocated 0x8158698
Allocated 0x81586a8
Allocated 0x81586b8
Allocated 0x81586c8
Allocated 0x81586d8
Allocated 0x81586e8
Allocated 0x81586f8
Allocated z 0x8158708
Defsize(5, 8);
Allocated y 0x8158758
Allocated 0x8158780
Allocated 0x8158790
Allocated 0x81587a0
Allocated 0x81587b0
Allocated 0x81587c0
Allocated 0x81587d0
Allocated 0x81587e0
Allocated 0x81587f0
Allocated z 0x8158800
Defsize(2, 9);
Allocated y 0x8158850
Allocated 0x8158878
Allocated 0x8158888
Allocated 0x8158898
Allocated 0x81588a8
Allocated 0x81588b8
Allocated 0x81588c8
Allocated 0x81588d8
Allocated 0x81588e8
Allocated 0x81588f8
Allocated z 0x8158908
Defsize(4, 8);
Allocated y 0x8158958
Allocated 0x8158980
Allocated 0x8158990
Allocated 0x81589a0
Allocated 0x81589b0
Allocated 0x81589c0
Allocated 0x81589d0
Allocated 0x81589e0
Allocated 0x81589f0
Allocated z 0x8158a00
Defsize(2, 9);
Allocated y 0x8158a50
Allocated 0x8158a78
Allocated 0x8158a88
Allocated 0x8158a98
Allocated 0x8158aa8
Allocated 0x8158ab8
Allocated 0x8158ac8
Allocated 0x8158ad8
Allocated 0x8158ae8
Allocated 0x8158af8
Allocated z 0x8158b08
Defsize(3, 2);
Allocated y 0x8158b58
Allocated 0x8158b68
Allocated 0x8158b78
Allocated z 0x8158b88
Defsize(6, 1);
Allocated y 0x8158bd8
Allocated 0x8158be8
Allocated z 0x8158bf8
Defsize(2, 2);
Allocated y 0x8158c48
Allocated 0x8158c58
Allocated 0x8158c68
Allocated z 0x8158c78
Defsize(5, 5);
Allocated y 0x8158cc8
Allocated 0x8158ce0
Allocated 0x8158cf0
Allocated 0x8158d00
Allocated 0x8158d10
Allocated 0x8158d20
Allocated z 0x8158d30
Defsize(5, 8);
Allocated y 0x8158d80
Allocated 0x8158da8
Allocated 0x8158db8
Allocated 0x8158dc8
Allocated 0x8158dd8
Allocated 0x8158de8
Allocated 0x8158df8
Allocated 0x8158e08
Allocated 0x8158e18
Allocated z 0x8158e28
Defsize(5, 5);
Allocated y 0x8158e78
Allocated 0x8158e90
Allocated 0x8158ea0
Allocated 0x8158eb0
Allocated 0x8158ec0
Allocated 0x8158ed0
Allocated z 0x8158ee0
Defsize(5, 8);
Allocated y 0x8158f30
Allocated 0x8158f58
Allocated 0x8158f68
Allocated 0x8158f78
Allocated 0x8158f88
Allocated 0x8158f98
Allocated 0x8158fa8
Allocated 0x8158fb8
Allocated 0x8158fc8
Allocated z 0x8158fd8
Defsize(5, 5);
Allocated y 0x8159028
Allocated 0x8159040
Allocated 0x8159050
Allocated 0x8159060
Allocated 0x8159070
Allocated 0x8159080
Allocated z 0x8159090
Defsize(2, 8);
Allocated y 0x81590e0
Allocated 0x8159108
Allocated 0x8159118
Allocated 0x8159128
Allocated 0x8159138
Allocated 0x8159148
Allocated 0x8159158
Allocated 0x8159168
Allocated 0x8159178
Allocated z 0x8159188
Defsize(5, 7);
Allocated y 0x81591d8
Allocated 0x81591f8
Allocated 0x8159208
Allocated 0x8159218
Allocated 0x8159228
Allocated 0x8159238
Allocated 0x8159248
Allocated 0x8159258
Allocated z 0x8159268
Defsize(5, 8);
Allocated y 0x81592b8
Allocated 0x81592e0
Allocated 0x81592f0
Allocated 0x8159300
Allocated 0x8159310
Allocated 0x8159320
Allocated 0x8159330
Allocated 0x8159340
Allocated 0x8159350
Allocated z 0x8159360
Defsize(1, 7);
Allocated y 0x81593b0
Allocated 0x81593d0
Allocated 0x81593e0
Allocated 0x81593f0
Allocated 0x8159400
Allocated 0x8159410
Allocated 0x8159420
Allocated 0x8159430
Allocated z 0x8159440
Defsize(3, 9);
Allocated y 0x8159490
Allocated 0x81594b8
Allocated 0x81594c8
Allocated 0x81594d8
Allocated 0x81594e8
Allocated 0x81594f8
Allocated 0x8159508
Allocated 0x8159518
Allocated 0x8159528
Allocated 0x8159538
Allocated z 0x8159548
Defsize(4, 8);
Allocated y 0x8159598
Allocated 0x81595c0
Allocated 0x81595d0
Allocated 0x81595e0
Allocated 0x81595f0
Allocated 0x8159600
Allocated 0x8159610
Allocated 0x8159620
Allocated 0x8159630
Allocated z 0x8159640
Defsize(1, 8);
Allocated y 0x8159690
Allocated 0x81596b8
Allocated 0x81596c8
Allocated 0x81596d8
Allocated 0x81596e8
Allocated 0x81596f8
Allocated 0x8159708
Allocated 0x8159718
Allocated 0x8159728
Allocated z 0x8159738
Defsize(7, 5);
Allocated y 0x8159788
Allocated 0x81597a0
Allocated 0x81597b0
Allocated 0x81597c0
Allocated 0x81597d0
Allocated 0x81597e0
Allocated z 0x81597f0
Defsize(5, 5);
Allocated y 0x8159840
Allocated 0x8159858
Allocated 0x8159868
Allocated 0x8159878
Allocated 0x8159888
Allocated 0x8159898
Allocated z 0x81598a8
Defsize(5, 5);
Allocated y 0x81598f8
Allocated 0x8159910
Allocated 0x8159920
Allocated 0x8159930
Allocated 0x8159940
Allocated 0x8159950
Allocated z 0x8159960
Defsize(5, 7);
Allocated y 0x81599b0
Allocated 0x81599d0
Allocated 0x81599e0
Allocated 0x81599f0
Allocated 0x8159a00
Allocated 0x8159a10
Allocated 0x8159a20
Allocated 0x8159a30
Allocated z 0x8159a40
Defsize(5, 7);
Allocated y 0x8159a90
Allocated 0x8159ab0
Allocated 0x8159ac0
Allocated 0x8159ad0
Allocated 0x8159ae0
Allocated 0x8159af0
Allocated 0x8159b00
Allocated 0x8159b10
Allocated z 0x8159b20
Defsize(4, 5);
Allocated y 0x8159b70
Allocated 0x8159b88
Allocated 0x8159b98
Allocated 0x8159ba8
Allocated 0x8159bb8
Allocated 0x8159bc8
Allocated z 0x8159bd8
Defsize(4, 5);
Allocated y 0x8159c28
Allocated 0x8159c40
Allocated 0x8159c50
Allocated 0x8159c60
Allocated 0x8159c70
Allocated 0x8159c80
Allocated z 0x8159c90
Defsize(4, 6);
Allocated y 0x8159ce0
Allocated 0x8159d00
Allocated 0x8159d10
Allocated 0x8159d20
Allocated 0x8159d30
Allocated 0x8159d40
Allocated 0x8159d50
Allocated z 0x8159d60
Defsize(5, 5);
Allocated y 0x8159db0
Allocated 0x8159dc8
Allocated 0x8159dd8
Allocated 0x8159de8
Allocated 0x8159df8
Allocated 0x8159e08
Allocated z 0x8159e18
Defsize(5, 5);
Allocated y 0x8159e68
Allocated 0x8159e80
Allocated 0x8159e90
Allocated 0x8159ea0
Allocated 0x8159eb0
Allocated 0x8159ec0
Allocated z 0x8159ed0
Defsize(5, 5);
Allocated y 0x8159f20
Allocated 0x8159f38
Allocated 0x8159f48
Allocated 0x8159f58
Allocated 0x8159f68
Allocated 0x8159f78
Allocated z 0x8159f88
Defsize(4, 5);
Allocated y 0x8159fd8
Allocated 0x8159ff0
Allocated 0x815a000
Allocated 0x815a010
Allocated 0x815a020
Allocated 0x815a030
Allocated z 0x815a040
Defsize(4, 7);
Allocated y 0x815a090
Allocated 0x815a0b0
Allocated 0x815a0c0
Allocated 0x815a0d0
Allocated 0x815a0e0
Allocated 0x815a0f0
Allocated 0x815a100
Allocated 0x815a110
Allocated z 0x815a120
Defsize(4, 5);
Allocated y 0x815a170
Allocated 0x815a188
Allocated 0x815a198
Allocated 0x815a1a8
Allocated 0x815a1b8
Allocated 0x815a1c8
Allocated z 0x815a1d8
Defsize(3, 9);
Allocated y 0x815a228
Allocated 0x815a250
Allocated 0x815a260
Allocated 0x815a270
Allocated 0x815a280
Allocated 0x815a290
Allocated 0x815a2a0
Allocated 0x815a2b0
Allocated 0x815a2c0
Allocated 0x815a2d0
Allocated z 0x815a2e0
Defsize(1, 9);
Allocated y 0x815a330
Allocated 0x815a358
Allocated 0x815a368
Allocated 0x815a378
Allocated 0x815a388
Allocated 0x815a398
Allocated 0x815a3a8
Allocated 0x815a3b8
Allocated 0x815a3c8
Allocated 0x815a3d8
Allocated z 0x815a3e8
Defsize(3, 9);
Allocated y 0x815a438
Allocated 0x815a460
Allocated 0x815a470
Allocated 0x815a480
Allocated 0x815a490
Allocated 0x815a4a0
Allocated 0x815a4b0
Allocated 0x815a4c0
Allocated 0x815a4d0
Allocated 0x815a4e0
Allocated z 0x815a4f0
Defsize(5, 3);
Allocated y 0x815a540
Allocated 0x815a550
Allocated 0x815a560
Allocated 0x815a570
Allocated z 0x815a580
Defsize(1024, 768);
Allocated y 0x8163488
Allocated 0x8164090
Allocated 0x8164498
Allocated 0x81648a0
Allocated 0x8164ca8
Allocated 0x81650b0
Allocated 0x81654b8
Allocated 0x81658c0
Allocated 0x8165cc8
Allocated 0x81660d0
Allocated 0x81664d8
Allocated 0x81668e0
Allocated 0x8166ce8
Allocated 0x81670f0
Allocated 0x81674f8
Allocated 0x8167900
Allocated 0x8167d08
Allocated 0x8168110
Allocated 0x8168518
Allocated 0x8168920
Allocated 0x8168d28
Allocated 0x8169130
Allocated 0x8169538
Allocated 0x8169940
Allocated 0x8169d48
Allocated 0x816a150
Allocated 0x816a558
Allocated 0x816a960
Allocated 0x816ad68
Allocated 0x816b170
Allocated 0x816b578
Allocated 0x816b980
Allocated 0x816bd88
Allocated 0x816c190
Allocated 0x816c598
Allocated 0x816c9a0
Allocated 0x816cda8
Allocated 0x816d1b0
Allocated 0x816d5b8
Allocated 0x816d9c0
Allocated 0x816ddc8
Allocated 0x816e1d0
Allocated 0x816e5d8
Allocated 0x816e9e0
Allocated 0x816ede8
Allocated 0x816f1f0
Allocated 0x816f5f8
Allocated 0x816fa00
Allocated 0x816fe08
Allocated 0x8170210
Allocated 0x8170618
Allocated 0x8170a20
Allocated 0x8170e28
Allocated 0x8171230
Allocated 0x8171638
Allocated 0x8171a40
Allocated 0x8171e48
Allocated 0x8172250
Allocated 0x8172658
Allocated 0x8172a60
Allocated 0x8172e68
Allocated 0x8173270
Allocated 0x8173678
Allocated 0x8173a80
Allocated 0x8173e88
Allocated 0x8174290
Allocated 0x8174698
Allocated 0x8174aa0
Allocated 0x8174ea8
Allocated 0x81752b0
Allocated 0x81756b8
Allocated 0x8175ac0
Allocated 0x8175ec8
Allocated 0x81762d0
Allocated 0x81766d8
Allocated 0x8176ae0
Allocated 0x8176ee8
Allocated 0x81772f0
Allocated 0x81776f8
Allocated 0x8177b00
Allocated 0x8177f08
Allocated 0x8178310
Allocated 0x8178718
Allocated 0x8178b20
Allocated 0x8178f28
Allocated 0x8179330
Allocated 0x8179738
Allocated 0x8179b40
Allocated 0x8179f48
Allocated 0x817a350
Allocated 0x817a758
Allocated 0x817ab60
Allocated 0x817af68
Allocated 0x817b370
Allocated 0x817b778
Allocated 0x817bb80
Allocated 0x817bf88
Allocated 0x817c390
Allocated 0x817c798
Allocated 0x817cba0
Allocated 0x817cfa8
Allocated 0x817d3b0
Allocated 0x817d7b8
Allocated 0x817dbc0
Allocated 0x817dfc8
Allocated 0x817e3d0
Allocated 0x817e7d8
Allocated 0x817ebe0
Allocated 0x817efe8
Allocated 0x817f3f0
Allocated 0x817f7f8
Allocated 0x817fc00
Allocated 0x8180008
Allocated 0x8180410
Allocated 0x8180818
Allocated 0x8180c20
Allocated 0x8181028
Allocated 0x8181430
Allocated 0x8181838
Allocated 0x8181c40
Allocated 0x8182048
Allocated 0x8182450
Allocated 0x8182858
Allocated 0x8182c60
Allocated 0x8183068
Allocated 0x8183470
Allocated 0x8183878
Allocated 0x8183c80
Allocated 0x8184088
Allocated 0x8184490
Allocated 0x8184898
Allocated 0x8184ca0
Allocated 0x81850a8
Allocated 0x81854b0
Allocated 0x81858b8
Allocated 0x8185cc0
Allocated 0x81860c8
Allocated 0x81864d0
Allocated 0x81868d8
Allocated 0x8186ce0
Allocated 0x81870e8
Allocated 0x81874f0
Allocated 0x81878f8
Allocated 0x8187d00
Allocated 0x8188108
Allocated 0x8188510
Allocated 0x8188918
Allocated 0x8188d20
Allocated 0x8189128
Allocated 0x8189530
Allocated 0x8189938
Allocated 0x8189d40
Allocated 0x818a148
Allocated 0x818a550
Allocated 0x818a958
Allocated 0x818ad60
Allocated 0x818b168
Allocated 0x818b570
Allocated 0x818b978
Allocated 0x818bd80
Allocated 0x818c188
Allocated 0x818c590
Allocated 0x818c998
Allocated 0x818cda0
Allocated 0x818d1a8
Allocated 0x818d5b0
Allocated 0x818d9b8
Allocated 0x818ddc0
Allocated 0x818e1c8
Allocated 0x818e5d0
Allocated 0x818e9d8
Allocated 0x818ede0
Allocated 0x818f1e8
Allocated 0x818f5f0
Allocated 0x818f9f8
Allocated 0x818fe00
Allocated 0x8190208
Allocated 0x8190610
Allocated 0x8190a18
Allocated 0x8190e20
Allocated 0x8191228
Allocated 0x8191630
Allocated 0x8191a38
Allocated 0x8191e40
Allocated 0x8192248
Allocated 0x8192650
Allocated 0x8192a58
Allocated 0x8192e60
Allocated 0x8193268
Allocated 0x8193670
Allocated 0x8193a78
Allocated 0x8193e80
Allocated 0x8194288
Allocated 0x8194690
Allocated 0x8194a98
Allocated 0x8194ea0
Allocated 0x81952a8
Allocated 0x81956b0
Allocated 0x8195ab8
Allocated 0x8195ec0
Allocated 0x81962c8
Allocated 0x81966d0
Allocated 0x8196ad8
Allocated 0x8196ee0
Allocated 0x81972e8
Allocated 0x81976f0
Allocated 0x8197af8
Allocated 0x8197f00
Allocated 0x8198308
Allocated 0x8198710
Allocated 0x8198b18
Allocated 0x8198f20
Allocated 0x8199328
Allocated 0x8199730
Allocated 0x8199b38
Allocated 0x8199f40
Allocated 0x819a348
Allocated 0x819a750
Allocated 0x819ab58
Allocated 0x819af60
Allocated 0x819b368
Allocated 0x819b770
Allocated 0x819bb78
Allocated 0x819bf80
Allocated 0x819c388
Allocated 0x819c790
Allocated 0x819cb98
Allocated 0x819cfa0
Allocated 0x819d3a8
Allocated 0x819d7b0
Allocated 0x819dbb8
Allocated 0x819dfc0
Allocated 0x819e3c8
Allocated 0x819e7d0
Allocated 0x819ebd8
Allocated 0x819efe0
Allocated 0x819f3e8
Allocated 0x819f7f0
Allocated 0x819fbf8
Allocated 0x81a0000
Allocated 0x81a0408
Allocated 0x81a0810
Allocated 0x81a0c18
Allocated 0x81a1020
Allocated 0x81a1428
Allocated 0x81a1830
Allocated 0x81a1c38
Allocated 0x81a2040
Allocated 0x81a2448
Allocated 0x81a2850
Allocated 0x81a2c58
Allocated 0x81a3060
Allocated 0x81a3468
Allocated 0x81a3870
Allocated 0x81a3c78
Allocated 0x81a4080
Allocated 0x81a4488
Allocated 0x81a4890
Allocated 0x81a4c98
Allocated 0x81a50a0
Allocated 0x81a54a8
Allocated 0x81a58b0
Allocated 0x81a5cb8
Allocated 0x81a60c0
Allocated 0x81a64c8
Allocated 0x81a68d0
Allocated 0x81a6cd8
Allocated 0x81a70e0
Allocated 0x81a74e8
Allocated 0x81a78f0
Allocated 0x81a7cf8
Allocated 0x81a8100
Allocated 0x81a8508
Allocated 0x81a8910
Allocated 0x81a8d18
Allocated 0x81a9120
Allocated 0x81a9528
Allocated 0x81a9930
Allocated 0x81a9d38
Allocated 0x81aa140
Allocated 0x81aa548
Allocated 0x81aa950
Allocated 0x81aad58
Allocated 0x81ab160
Allocated 0x81ab568
Allocated 0x81ab970
Allocated 0x81abd78
Allocated 0x81ac180
Allocated 0x81ac588
Allocated 0x81ac990
Allocated 0x81acd98
Allocated 0x81ad1a0
Allocated 0x81ad5a8
Allocated 0x81ad9b0
Allocated 0x81addb8
Allocated 0x81ae1c0
Allocated 0x81ae5c8
Allocated 0x81ae9d0
Allocated 0x81aedd8
Allocated 0x81af1e0
Allocated 0x81af5e8
Allocated 0x81af9f0
Allocated 0x81afdf8
Allocated 0x81b0200
Allocated 0x81b0608
Allocated 0x81b0a10
Allocated 0x81b0e18
Allocated 0x81b1220
Allocated 0x81b1628
Allocated 0x81b1a30
Allocated 0x81b1e38
Allocated 0x81b2240
Allocated 0x81b2648
Allocated 0x81b2a50
Allocated 0x81b2e58
Allocated 0x81b3260
Allocated 0x81b3668
Allocated 0x81b3a70
Allocated 0x81b3e78
Allocated 0x81b4280
Allocated 0x81b4688
Allocated 0x81b4a90
Allocated 0x81b4e98
Allocated 0x81b52a0
Allocated 0x81b56a8
Allocated 0x81b5ab0
Allocated 0x81b5eb8
Allocated 0x81b62c0
Allocated 0x81b66c8
Allocated 0x81b6ad0
Allocated 0x81b6ed8
Allocated 0x81b72e0
Allocated 0x81b76e8
Allocated 0x81b7af0
Allocated 0x81b7ef8
Allocated 0x81b8300
Allocated 0x81b8708
Allocated 0x81b8b10
Allocated 0x81b8f18
Allocated 0x81b9320
Allocated 0x81b9728
Allocated 0x81b9b30
Allocated 0x81b9f38
Allocated 0x81ba340
Allocated 0x81ba748
Allocated 0x81bab50
Allocated 0x81baf58
Allocated 0x81bb360
Allocated 0x81bb768
Allocated 0x81bbb70
Allocated 0x81bbf78
Allocated 0x81bc380
Allocated 0x81bc788
Allocated 0x81bcb90
Allocated 0x81bcf98
Allocated 0x81bd3a0
Allocated 0x81bd7a8
Allocated 0x81bdbb0
Allocated 0x81bdfb8
Allocated 0x81be3c0
Allocated 0x81be7c8
Allocated 0x81bebd0
Allocated 0x81befd8
Allocated 0x81bf3e0
Allocated 0x81bf7e8
Allocated 0x81bfbf0
Allocated 0x81bfff8
Allocated 0x81c0400
Allocated 0x81c0808
Allocated 0x81c0c10
Allocated 0x81c1018
Allocated 0x81c1420
Allocated 0x81c1828
Allocated 0x81c1c30
Allocated 0x81c2038
Allocated 0x81c2440
Allocated 0x81c2848
Allocated 0x81c2c50
Allocated 0x81c3058
Allocated 0x81c3460
Allocated 0x81c3868
Allocated 0x81c3c70
Allocated 0x81c4078
Allocated 0x81c4480
Allocated 0x81c4888
Allocated 0x81c4c90
Allocated 0x81c5098
Allocated 0x81c54a0
Allocated 0x81c58a8
Allocated 0x81c5cb0
Allocated 0x81c60b8
Allocated 0x81c64c0
Allocated 0x81c68c8
Allocated 0x81c6cd0
Allocated 0x81c70d8
Allocated 0x81c74e0
Allocated 0x81c78e8
Allocated 0x81c7cf0
Allocated 0x81c80f8
Allocated 0x81c8500
Allocated 0x81c8908
Allocated 0x81c8d10
Allocated 0x81c9118
Allocated 0x81c9520
Allocated 0x81c9928
Allocated 0x81c9d30
Allocated 0x81ca138
Allocated 0x81ca540
Allocated 0x81ca948
Allocated 0x81cad50
Allocated 0x81cb158
Allocated 0x81cb560
Allocated 0x81cb968
Allocated 0x81cbd70
Allocated 0x81cc178
Allocated 0x81cc580
Allocated 0x81cc988
Allocated 0x81ccd90
Allocated 0x81cd198
Allocated 0x81cd5a0
Allocated 0x81cd9a8
Allocated 0x81cddb0
Allocated 0x81ce1b8
Allocated 0x81ce5c0
Allocated 0x81ce9c8
Allocated 0x81cedd0
Allocated 0x81cf1d8
Allocated 0x81cf5e0
Allocated 0x81cf9e8
Allocated 0x81cfdf0
Allocated 0x81d01f8
Allocated 0x81d0600
Allocated 0x81d0a08
Allocated 0x81d0e10
Allocated 0x81d1218
Allocated 0x81d1620
Allocated 0x81d1a28
Allocated 0x81d1e30
Allocated 0x81d2238
Allocated 0x81d2640
Allocated 0x81d2a48
Allocated 0x81d2e50
Allocated 0x81d3258
Allocated 0x81d3660
Allocated 0x81d3a68
Allocated 0x81d3e70
Allocated 0x81d4278
Allocated 0x81d4680
Allocated 0x81d4a88
Allocated 0x81d4e90
Allocated 0x81d5298
Allocated 0x81d56a0
Allocated 0x81d5aa8
Allocated 0x81d5eb0
Allocated 0x81d62b8
Allocated 0x81d66c0
Allocated 0x81d6ac8
Allocated 0x81d6ed0
Allocated 0x81d72d8
Allocated 0x81d76e0
Allocated 0x81d7ae8
Allocated 0x81d7ef0
Allocated 0x81d82f8
Allocated 0x81d8700
Allocated 0x81d8b08
Allocated 0x81d8f10
Allocated 0x81d9318
Allocated 0x81d9720
Allocated 0x81d9b28
Allocated 0x81d9f30
Allocated 0x81da338
Allocated 0x81da740
Allocated 0x81dab48
Allocated 0x81daf50
Allocated 0x81db358
Allocated 0x81db760
Allocated 0x81dbb68
Allocated 0x81dbf70
Allocated 0x81dc378
Allocated 0x81dc780
Allocated 0x81dcb88
Allocated 0x81dcf90
Allocated 0x81dd398
Allocated 0x81dd7a0
Allocated 0x81ddba8
Allocated 0x81ddfb0
Allocated 0x81de3b8
Allocated 0x81de7c0
Allocated 0x81debc8
Allocated 0x81defd0
Allocated 0x81df3d8
Allocated 0x81df7e0
Allocated 0x81dfbe8
Allocated 0x81dfff0
Allocated 0x81e03f8
Allocated 0x81e0800
Allocated 0x81e0c08
Allocated 0x81e1010
Allocated 0x81e1418
Allocated 0x81e1820
Allocated 0x81e1c28
Allocated 0x81e2030
Allocated 0x81e2438
Allocated 0x81e2840
Allocated 0x81e2c48
Allocated 0x81e3050
Allocated 0x81e3458
Allocated 0x81e3860
Allocated 0x81e3c68
Allocated 0x81e4070
Allocated 0x81e4478
Allocated 0x81e4880
Allocated 0x81e4c88
Allocated 0x81e5090
Allocated 0x81e5498
Allocated 0x81e58a0
Allocated 0x81e5ca8
Allocated 0x81e60b0
Allocated 0x81e64b8
Allocated 0x81e68c0
Allocated 0x81e6cc8
Allocated 0x81e70d0
Allocated 0x81e74d8
Allocated 0x81e78e0
Allocated 0x81e7ce8
Allocated 0x81e80f0
Allocated 0x81e84f8
Allocated 0x81e8900
Allocated 0x81e8d08
Allocated 0x81e9110
Allocated 0x81e9518
Allocated 0x81e9920
Allocated 0x81e9d28
Allocated 0x81ea130
Allocated 0x81ea538
Allocated 0x81ea940
Allocated 0x81ead48
Allocated 0x81eb150
Allocated 0x81eb558
Allocated 0x81eb960
Allocated 0x81ebd68
Allocated 0x81ec170
Allocated 0x81ec578
Allocated 0x81ec980
Allocated 0x81ecd88
Allocated 0x81ed190
Allocated 0x81ed598
Allocated 0x81ed9a0
Allocated 0x81edda8
Allocated 0x81ee1b0
Allocated 0x81ee5b8
Allocated 0x81ee9c0
Allocated 0x81eedc8
Allocated 0x81ef1d0
Allocated 0x81ef5d8
Allocated 0x81ef9e0
Allocated 0x81efde8
Allocated 0x81f01f0
Allocated 0x81f05f8
Allocated 0x81f0a00
Allocated 0x81f0e08
Allocated 0x81f1210
Allocated 0x81f1618
Allocated 0x81f1a20
Allocated 0x81f1e28
Allocated 0x81f2230
Allocated 0x81f2638
Allocated 0x81f2a40
Allocated 0x81f2e48
Allocated 0x81f3250
Allocated 0x81f3658
Allocated 0x81f3a60
Allocated 0x81f3e68
Allocated 0x81f4270
Allocated 0x81f4678
Allocated 0x81f4a80
Allocated 0x81f4e88
Allocated 0x81f5290
Allocated 0x81f5698
Allocated 0x81f5aa0
Allocated 0x81f5ea8
Allocated 0x81f62b0
Allocated 0x81f66b8
Allocated 0x81f6ac0
Allocated 0x81f6ec8
Allocated 0x81f72d0
Allocated 0x81f76d8
Allocated 0x81f7ae0
Allocated 0x81f7ee8
Allocated 0x81f82f0
Allocated 0x81f86f8
Allocated 0x81f8b00
Allocated 0x81f8f08
Allocated 0x81f9310
Allocated 0x81f9718
Allocated 0x81f9b20
Allocated 0x81f9f28
Allocated 0x81fa330
Allocated 0x81fa738
Allocated 0x81fab40
Allocated 0x81faf48
Allocated 0x81fb350
Allocated 0x81fb758
Allocated 0x81fbb60
Allocated 0x81fbf68
Allocated 0x81fc370
Allocated 0x81fc778
Allocated 0x81fcb80
Allocated 0x81fcf88
Allocated 0x81fd390
Allocated 0x81fd798
Allocated 0x81fdba0
Allocated 0x81fdfa8
Allocated 0x81fe3b0
Allocated 0x81fe7b8
Allocated 0x81febc0
Allocated 0x81fefc8
Allocated 0x81ff3d0
Allocated 0x81ff7d8
Allocated 0x81ffbe0
Allocated 0x81fffe8
Allocated 0x82003f0
Allocated 0x82007f8
Allocated 0x8200c00
Allocated 0x8201008
Allocated 0x8201410
Allocated 0x8201818
Allocated 0x8201c20
Allocated 0x8202028
Allocated 0x8202430
Allocated 0x8202838
Allocated 0x8202c40
Allocated 0x8203048
Allocated 0x8203450
Allocated 0x8203858
Allocated 0x8203c60
Allocated 0x8204068
Allocated 0x8204470
Allocated 0x8204878
Allocated 0x8204c80
Allocated 0x8205088
Allocated 0x8205490
Allocated 0x8205898
Allocated 0x8205ca0
Allocated 0x82060a8
Allocated 0x82064b0
Allocated 0x82068b8
Allocated 0x8206cc0
Allocated 0x82070c8
Allocated 0x82074d0
Allocated 0x82078d8
Allocated 0x8207ce0
Allocated 0x82080e8
Allocated 0x82084f0
Allocated 0x82088f8
Allocated 0x8208d00
Allocated 0x8209108
Allocated 0x8209510
Allocated 0x8209918
Allocated 0x8209d20
Allocated 0x820a128
Allocated 0x820a530
Allocated 0x820a938
Allocated 0x820ad40
Allocated 0x820b148
Allocated 0x820b550
Allocated 0x820b958
Allocated 0x820bd60
Allocated 0x820c168
Allocated 0x820c570
Allocated 0x820c978
Allocated 0x820cd80
Allocated 0x820d188
Allocated 0x820d590
Allocated 0x820d998
Allocated 0x820dda0
Allocated 0x820e1a8
Allocated 0x820e5b0
Allocated 0x820e9b8
Allocated 0x820edc0
Allocated 0x820f1c8
Allocated 0x820f5d0
Allocated 0x820f9d8
Allocated 0x820fde0
Allocated 0x82101e8
Allocated 0x82105f0
Allocated 0x82109f8
Allocated 0x8210e00
Allocated 0x8211208
Allocated 0x8211610
Allocated 0x8211a18
Allocated 0x8211e20
Allocated 0x8212228
Allocated 0x8212630
Allocated 0x8212a38
Allocated 0x8212e40
Allocated 0x8213248
Allocated 0x8213650
Allocated 0x8213a58
Allocated 0x8213e60
Allocated 0x8214268
Allocated 0x8214670
Allocated 0x8214a78
Allocated 0x8214e80
Allocated 0x8215288
Allocated 0x8215690
Allocated 0x8215a98
Allocated 0x8215ea0
Allocated 0x82162a8
Allocated 0x82166b0
Allocated 0x8216ab8
Allocated 0x8216ec0
Allocated 0x82172c8
Allocated 0x82176d0
Allocated 0x8217ad8
Allocated 0x8217ee0
Allocated 0x82182e8
Allocated 0x82186f0
Allocated 0x8218af8
Allocated 0x8218f00
Allocated 0x8219308
Allocated 0x8219710
Allocated 0x8219b18
Allocated 0x8219f20
Allocated 0x821a328
Allocated 0x821a730
Allocated 0x821ab38
Allocated 0x821af40
Allocated 0x821b348
Allocated 0x821b750
Allocated 0x821bb58
Allocated 0x821bf60
Allocated 0x821c368
Allocated 0x821c770
Allocated 0x821cb78
Allocated 0x821cf80
Allocated 0x821d388
Allocated 0x821d790
Allocated 0x821db98
Allocated 0x821dfa0
Allocated 0x821e3a8
Allocated 0x821e7b0
Allocated 0x821ebb8
Allocated 0x821efc0
Allocated 0x821f3c8
Allocated 0x821f7d0
Allocated 0x821fbd8
Allocated 0x821ffe0
Allocated 0x82203e8
Allocated 0x82207f0
Allocated 0x8220bf8
Allocated 0x8221000
Allocated 0x8221408
Allocated 0x8221810
Allocated 0x8221c18
Allocated 0x8222020
Allocated 0x8222428
Allocated 0x8222830
Allocated 0x8222c38
Allocated 0x8223040
Allocated 0x8223448
Allocated 0x8223850
Allocated 0x8223c58
Allocated 0x8224060
Allocated 0x8224468
Allocated 0x8224870
Allocated 0x8224c78
Allocated 0x8225080
Allocated 0x8225488
Allocated z 0x8155110
Defsize(16, 12);
Allocated y 0x8155110
Allocated 0x8155148
Allocated 0x8155160
Allocated 0x8155178
Allocated 0x8155190
Allocated 0x81551a8
Allocated 0x81551c0
Allocated 0x81551d8
Allocated 0x81551f0
Allocated 0x8155208
Allocated 0x8155220
Allocated 0x8155238
Allocated 0x8155250
Allocated z 0x8155268
Defsize(16, 12);
Allocated y 0x8163508
Allocated 0x8155278
Allocated 0x8163540
Allocated 0x8163558
Allocated 0x8163570
Allocated 0x8163588
Allocated 0x81635a0
Allocated 0x81635b8
Allocated 0x81635d0
Allocated 0x81635e8
Allocated 0x8163600
Allocated 0x8163618
Allocated 0x8163630
Allocated z 0x8163648
Defsize(100, 20);
Allocated y 0x8163658
Allocated 0x81636b0
Allocated 0x8163718
Allocated 0x8163780
Allocated 0x81637e8
Allocated 0x8163850
Allocated 0x81638b8
Allocated 0x8163920
Allocated 0x8163988
Allocated 0x81639f0
Allocated 0x8163a58
Allocated 0x8163ac0
Allocated 0x8163b28
Allocated 0x8163b90
Allocated 0x8163bf8
Allocated 0x8163c60
Allocated 0x8163cc8
Allocated 0x8163d30
Allocated 0x8163d98
Allocated 0x8163e00
Allocated 0x8163e68
Allocated z 0x8163ed0
Defsize(100, 20);
Allocated y 0x8163ee0
Allocated 0x8163f38
Allocated 0x8163fa0
Allocated 0x8164008
Allocated 0x8164070
Allocated 0x81640d8
Allocated 0x8164140
Allocated 0x81641a8
Allocated 0x8164210
Allocated 0x8164278
Allocated 0x81642e0
Allocated 0x8164348
Allocated 0x81643b0
Allocated 0x8164418
Allocated 0x8164480
Allocated 0x81644e8
Allocated 0x8164550
Allocated 0x81645b8
Allocated 0x8164620
Allocated 0x8164688
Allocated 0x81646f0
Allocated z 0x8164758
Defsize(100, 20);
Allocated y 0x8164768
Allocated 0x81647c0
Allocated 0x8164828
Allocated 0x8164890
Allocated 0x81648f8
Allocated 0x8164960
Allocated 0x81649c8
Allocated 0x8164a30
Allocated 0x8164a98
Allocated 0x8164b00
Allocated 0x8164b68
Allocated 0x8164bd0
Allocated 0x8164c38
Allocated 0x8164ca0
Allocated 0x8164d08
Allocated 0x8164d70
Allocated 0x8164dd8
Allocated 0x8164e40
Allocated 0x8164ea8
Allocated 0x8164f10
Allocated 0x8164f78
Allocated z 0x8164fe0
Defsize(100, 20);
Allocated y 0x8164ff0
Allocated 0x8165048
Allocated 0x81650b0
Allocated 0x8165118
Allocated 0x8165180
Allocated 0x81651e8
Allocated 0x8165250
Allocated 0x81652b8
Allocated 0x8165320
Allocated 0x8165388
Allocated 0x81653f0
Allocated 0x8165458
Allocated 0x81654c0
Allocated 0x8165528
Allocated 0x8165590
Allocated 0x81655f8
Allocated 0x8165660
Allocated 0x81656c8
Allocated 0x8165730
Allocated 0x8165798
Allocated 0x8165800
Allocated z 0x8165868
Defsize(100, 20);
Allocated y 0x8165878
Allocated 0x81658d0
Allocated 0x8165938
Allocated 0x81659a0
Allocated 0x8165a08
Allocated 0x8165a70
Allocated 0x8165ad8
Allocated 0x8165b40
Allocated 0x8165ba8
Allocated 0x8165c10
Allocated 0x8165c78
Allocated 0x8165ce0
Allocated 0x8165d48
Allocated 0x8165db0
Allocated 0x8165e18
Allocated 0x8165e80
Allocated 0x8165ee8
Allocated 0x8165f50
Allocated 0x8165fb8
Allocated 0x8166020
Allocated 0x8166088
Allocated z 0x81660f0
Defsize(100, 20);
Allocated y 0x8166100
Allocated 0x8166158
Allocated 0x81661c0
Allocated 0x8166228
Allocated 0x8166290
Allocated 0x81662f8
Allocated 0x8166360
Allocated 0x81663c8
Allocated 0x8166430
Allocated 0x8166498
Allocated 0x8166500
Allocated 0x8166568
Allocated 0x81665d0
Allocated 0x8166638
Allocated 0x81666a0
Allocated 0x8166708
Allocated 0x8166770
Allocated 0x81667d8
Allocated 0x8166840
Allocated 0x81668a8
Allocated 0x8166910
Allocated z 0x8166978
Defsize(100, 20);
Allocated y 0x8166988
Allocated 0x81669e0
Allocated 0x8166a48
Allocated 0x8166ab0
Allocated 0x8166b18
Allocated 0x8166b80
Allocated 0x8166be8
Allocated 0x8166c50
Allocated 0x8166cb8
Allocated 0x8166d20
Allocated 0x8166d88
Allocated 0x8166df0
Allocated 0x8166e58
Allocated 0x8166ec0
Allocated 0x8166f28
Allocated 0x8166f90
Allocated 0x8166ff8
Allocated 0x8167060
Allocated 0x81670c8
Allocated 0x8167130
Allocated 0x8167198
Allocated z 0x8167200
Defsize(100, 20);
Allocated y 0x8167210
Allocated 0x8167268
Allocated 0x81672d0
Allocated 0x8167338
Allocated 0x81673a0
Allocated 0x8167408
Allocated 0x8167470
Allocated 0x81674d8
Allocated 0x8167540
Allocated 0x81675a8
Allocated 0x8167610
Allocated 0x8167678
Allocated 0x81676e0
Allocated 0x8167748
Allocated 0x81677b0
Allocated 0x8167818
Allocated 0x8167880
Allocated 0x81678e8
Allocated 0x8167950
Allocated 0x81679b8
Allocated 0x8167a20
Allocated z 0x8167a88
Defsize(100, 20);
Allocated y 0x8167b10
Allocated 0x8167b68
Allocated 0x8167bd0
Allocated 0x8167c38
Allocated 0x8167ca0
Allocated 0x8167d08
Allocated 0x8167d70
Allocated 0x8167dd8
Allocated 0x8167e40
Allocated 0x8167ea8
Allocated 0x8167f10
Allocated 0x8167f78
Allocated 0x8167fe0
Allocated 0x8168048
Allocated 0x81680b0
Allocated 0x8168118
Allocated 0x8168180
Allocated 0x81681e8
Allocated 0x8168250
Allocated 0x81682b8
Allocated 0x8168320
Allocated z 0x8168388
Defsize(100, 20);
Allocated y 0x8168398
Allocated 0x81683f0
Allocated 0x8168458
Allocated 0x81684c0
Allocated 0x8168528
Allocated 0x8168590
Allocated 0x81685f8
Allocated 0x8168660
Allocated 0x81686c8
Allocated 0x8168730
Allocated 0x8168798
Allocated 0x8168800
Allocated 0x8168868
Allocated 0x81688d0
Allocated 0x8168938
Allocated 0x81689a0
Allocated 0x8168a08
Allocated 0x8168a70
Allocated 0x8168ad8
Allocated 0x8168b40
Allocated 0x8168ba8
Allocated z 0x8168c10
Defsize(100, 20);
Allocated y 0x8168c98
Allocated 0x8168cf0
Allocated 0x8168d58
Allocated 0x8168dc0
Allocated 0x8168e28
Allocated 0x8168e90
Allocated 0x8168ef8
Allocated 0x8168f60
Allocated 0x8168fc8
Allocated 0x8169030
Allocated 0x8169098
Allocated 0x8169100
Allocated 0x8169168
Allocated 0x81691d0
Allocated 0x8169238
Allocated 0x81692a0
Allocated 0x8169308
Allocated 0x8169370
Allocated 0x81693d8
Allocated 0x8169440
Allocated 0x81694a8
Allocated z 0x8169510
Defsize(100, 20);
Allocated y 0x8169520
Allocated 0x8169578
Allocated 0x81695e0
Allocated 0x8169648
Allocated 0x81696b0
Allocated 0x8169718
Allocated 0x8169780
Allocated 0x81697e8
Allocated 0x8169850
Allocated 0x81698b8
Allocated 0x8169920
Allocated 0x8169988
Allocated 0x81699f0
Allocated 0x8169a58
Allocated 0x8169ac0
Allocated 0x8169b28
Allocated 0x8169b90
Allocated 0x8169bf8
Allocated 0x8169c60
Allocated 0x8169cc8
Allocated 0x8169d30
Allocated z 0x8169d98
Defsize(1, 1);
Allocated y 0x8169dd8
Allocated 0x8169e38
Allocated z 0x8169e48
In MB_BOX Move
MB_BOX Move: 1
MB_BOX Move: 2
Defsize(2, 2);
Deleting 0x8169e38
Deleted 0x8169e38
Done Deleting
Allocated y 0x8169dd8
Allocated 0x8169de8
Allocated 0x8169e38
Allocated z 0x8169e48
MB_BOX Move: 2.5
Defsize(2, 2);
Deleting 0x8169de8
Deleted 0x8169de8
Deleting 0x8169e38
Deleted 0x8169e38
Done Deleting
Allocated y 0x8169dd8
Allocated 0x8169de8
Allocated 0x8169e38
Allocated z 0x8169e48
MB_BOX Move: 3
MB_BOX Move: 4
MB_BOX Move: 5
Out of MB_BOX Move
In MB_BOX Move
MB_BOX Move: 1
MB_BOX Move: 2
Defsize(3, 2);
Deleting 0x8169de8
Deleted 0x8169de8
Deleting 0x8169e38
Deleted 0x8169e38
Done Deleting
Allocated y 0x8169dd8
Allocated 0x8169de8
Allocated 0x8169e38
Allocated z 0x8169e48
MB_BOX Move: 2.5
Defsize(3, 2);
Deleting 0x8169de8
Deleted 0x8169de8
Deleting 0x8169e38
Deleted 0x8169e38
Done Deleting
Allocated y 0x8169dd8
Allocated 0x8169de8
Allocated 0x8169e38
Allocated z 0x8169e48
MB_BOX Move: 3
MB_BOX Move: 4
MB_BOX Move: 5
Out of MB_BOX Move
In MB_BOX Move
MB_BOX Move: 1
MB_BOX Move: 2
Defsize(4, 3);
Deleting 0x8169de8
Deleted 0x8169de8
Deleting 0x8169e38
Deleted 0x8169e38
Done Deleting
Allocated y 0x8169dd8
Allocated 0x8169de8
Allocated 0x8169e38
Allocated 0x8169e48
Allocated z 0x8169e98
MB_BOX Move: 2.5
Defsize(4, 3);
Deleting 0x8169de8
Deleted 0x8169de8
Deleting 0x8169e38
Deleted 0x8169e38
Deleting 0x8169e48
Deleted 0x8169e48
Done Deleting
Allocated y 0x8169e38
Allocated 0x8169e48
Allocated 0x8169dd8
Allocated 0x8169de8
Allocated z 0x8169e98
MB_BOX Move: 3
MB_BOX Move: 4
MB_BOX Move: 5
Out of MB_BOX Move
In MB_BOX Move
MB_BOX Move: 1
MB_BOX Move: 2
Defsize(5, 4);
Deleting 0x8169e48
Deleted 0x8169e48
Deleting 0x8169dd8
Deleted 0x8169dd8
Deleting 0x8169de8
Deleted 0x8169de8
Done Deleting
Allocated y 0x8169dd8
Allocated 0x8169e38
Allocated 0x8169e48
Allocated 0x8169e98
Allocated 0x8169ea8
Allocated z 0x8169eb8
MB_BOX Move: 2.5
Defsize(5, 4);
Deleting 0x8169e38
Deleted 0x8169e38
Deleting 0x8169e48
Deleted 0x8169e48
Deleting 0x8169e98
Deleted 0x8169e98
Deleting 0x8169ea8
Deleted 0x8169ea8
Done Deleting
Allocated y 0x8169e38
Allocated 0x8169dd8
Allocated 0x8169de8
Allocated 0x8169e98
Allocated 0x8169ea8
Allocated z 0x8169eb8
MB_BOX Move: 3
MB_BOX Move: 4
MB_BOX Move: 5
Out of MB_BOX Move
In MB_BOX Move
MB_BOX Move: 1
MB_BOX Move: 2
Defsize(6, 5);
Deleting 0x8169dd8
Deleted 0x8169dd8
Deleting 0x8169de8
Deleted 0x8169de8
Deleting 0x8169e98
Deleted 0x8169e98
Deleting 0x8169ea8
Deleted 0x8169ea8
Done Deleting
Allocated y 0x8169dd8
Allocated 0x8169e38
Allocated 0x8169e48
Allocated 0x8169e98
Allocated 0x8169ea8
Allocated 0x8169eb8
Allocated z 0x8169ec8
MB_BOX Move: 2.5
Defsize(6, 5);
Deleting 0x8169e38
Deleted 0x8169e38
Deleting 0x8169e48
Deleted 0x8169e48
Deleting 0x8169e98
Deleted 0x8169e98
Deleting 0x8169ea8
Deleted 0x8169ea8
Deleting 0x8169eb8
Deleted 0x8169eb8
Done Deleting
Allocated y 0x8169e38
Allocated 0x8169dd8
Allocated 0x8169de8
Allocated 0x8169e98
Allocated 0x8169ea8
Allocated 0x8169eb8
Allocated z 0x8169ec8
MB_BOX Move: 3
MB_BOX Move: 4
MB_BOX Move: 5
Out of MB_BOX Move
In MB_BOX Move
MB_BOX Move: 1
MB_BOX Move: 2
Defsize(8, 6);
Deleting 0x8169dd8
Deleted 0x8169dd8
Deleting 0x8169de8
Deleted 0x8169de8
Deleting 0x8169e98
Deleted 0x8169e98
Deleting 0x8169ea8
Deleted 0x8169ea8
Deleting 0x8169eb8
Deleted 0x8169eb8
Done Deleting
Allocated y 0x8169dd8
Allocated 0x8169e38
Allocated 0x8169e48
Allocated 0x8169e98
Allocated 0x8169ea8
Allocated 0x8169eb8
Allocated 0x8169ec8
Allocated z 0x8169ed8
MB_BOX Move: 2.5
Defsize(8, 6);
Deleting 0x8169e38
Deleted 0x8169e38
Deleting 0x8169e48
Deleted 0x8169e48
Deleting 0x8169e98
Deleted 0x8169e98
Deleting 0x8169ea8
Deleted 0x8169ea8
Deleting 0x8169eb8
Deleted 0x8169eb8
Deleting 0x8169ec8
Deleted 0x8169ec8
Done Deleting
Allocated y 0x8169e38
Allocated 0x8169dd8
Allocated 0x8169de8
Allocated 0x8169e98
Allocated 0x8169ea8
Allocated 0x8169eb8
Allocated 0x8169ec8
Allocated z 0x8169ed8
MB_BOX Move: 3
MB_BOX Move: 4
MB_BOX Move: 5
Out of MB_BOX Move
In MB_BOX Move
MB_BOX Move: 1
MB_BOX Move: 2
Defsize(9, 7);
Deleting 0x8169dd8
User 2.0: Engine Shut Down.

Received signal "Segmentation fault" (#11), debug traceback follows:
-> main()  Before main loop
--> main()  After Clickey Create
---> main()  After Clickey Init
----> main()  Before Clickeys
-----> main()  After ShowCursor
------> :USER DEBUG BEGIN:
-------> 
--------> 
---------> 
----------> 
-----------> 
------------> 
-------------> 
--------------> 
---------------> 
----------------> 
