User 2.0: Engine Initializing....
User 2.0: Engine Shut Down.

0x8131024-0x813103c: Aligned len 24
   Allocation callstack:
	called from ./dg2(__frame_state_for+0x345)[0x80a3309]
	called from ./dg2(__frame_state_for+0x52b)[0x80a34ef]
	called from ./dg2(__frame_state_for+0x2b62)[0x80a5b26]
   Not Freed

0x813104c-0x813144c: Aligned len 1024
   Allocation callstack:
	called from ./dg2(__frame_state_for+0x345)[0x80a3309]
	called from ./dg2(__frame_state_for+0x52b)[0x80a34ef]
	called from ./dg2(__frame_state_for+0x2b62)[0x80a5b26]
   Not Freed

0x81314ec-0x81318ec: Aligned len 1024
   Allocation callstack:
	called from ./dg2(__frame_state_for+0x345)[0x80a3309]
	called from ./dg2(__frame_state_for+0x52b)[0x80a34ef]
	called from ./dg2(__frame_state_for+0x2b62)[0x80a5b26]
   Not Freed

0x813198c-0x8131d8c: Aligned len 1024
   Allocation callstack:
	called from ./dg2(__frame_state_for+0x345)[0x80a3309]
	called from ./dg2(__frame_state_for+0x52b)[0x80a34ef]
	called from ./dg2(__frame_state_for+0x2b62)[0x80a5b26]
   Not Freed

0x8131e2c-0x813222c: Aligned len 1024
   Allocation callstack:
	called from ./dg2(__frame_state_for+0x345)[0x80a3309]
	called from ./dg2(__frame_state_for+0x52b)[0x80a34ef]
	called from ./dg2(__frame_state_for+0x2b62)[0x80a5b26]
   Not Freed

0x81322cc-0x81326cc: Aligned len 1024
   Allocation callstack:
	called from ./dg2(__frame_state_for+0x345)[0x80a3309]
	called from ./dg2(__frame_state_for+0x52b)[0x80a34ef]
	called from ./dg2(__frame_state_for+0x2b62)[0x80a5b26]
   Not Freed

0x813276c-0x8132b6c: Aligned len 1024
   Allocation callstack:
	called from ./dg2(__frame_state_for+0x345)[0x80a3309]
	called from ./dg2(__frame_state_for+0x52b)[0x80a34ef]
	called from ./dg2(__frame_state_for+0x2b62)[0x80a5b26]
   Not Freed

0x8132c0c-0x813300c: Aligned len 1024
   Allocation callstack:
	called from ./dg2(__frame_state_for+0x345)[0x80a3309]
	called from ./dg2(__frame_state_for+0x52b)[0x80a34ef]
	called from ./dg2(__frame_state_for+0x2b62)[0x80a5b26]
   Not Freed

0x81330ac-0x81334ac: Aligned len 1024
   Allocation callstack:
	called from ./dg2(__frame_state_for+0x345)[0x80a3309]
	called from ./dg2(__frame_state_for+0x52b)[0x80a34ef]
	called from ./dg2(__frame_state_for+0x2b62)[0x80a5b26]
   Not Freed

0x813354c-0x813394c: Aligned len 1024
   Allocation callstack:
	called from ./dg2(__frame_state_for+0x345)[0x80a3309]
	called from ./dg2(__frame_state_for+0x52b)[0x80a34ef]
	called from ./dg2(__frame_state_for+0x2b62)[0x80a5b26]
   Not Freed

0x81339ec-0x8133dec: Aligned len 1024
   Allocation callstack:
	called from ./dg2(__frame_state_for+0x345)[0x80a3309]
	called from ./dg2(__frame_state_for+0x52b)[0x80a34ef]
	called from ./dg2(__frame_state_for+0x2b62)[0x80a5b26]
   Not Freed

0x8133e8c-0x813428c: Aligned len 1024
   Allocation callstack:
	called from ./dg2(__frame_state_for+0x345)[0x80a3309]
	called from ./dg2(__frame_state_for+0x52b)[0x80a34ef]
	called from ./dg2(__frame_state_for+0x2b62)[0x80a5b26]
   Not Freed

0x813432c-0x813472c: Aligned len 1024
   Allocation callstack:
	called from ./dg2(__frame_state_for+0x345)[0x80a3309]
	called from ./dg2(__frame_state_for+0x52b)[0x80a34ef]
	called from ./dg2(__frame_state_for+0x2b62)[0x80a5b26]
   Not Freed

0x81347cc-0x8134bcc: Aligned len 1024
   Allocation callstack:
	called from ./dg2(__frame_state_for+0x345)[0x80a3309]
	called from ./dg2(__frame_state_for+0x52b)[0x80a34ef]
	called from ./dg2(__frame_state_for+0x2b62)[0x80a5b26]
   Not Freed

0x8134c6c-0x813506c: Aligned len 1024
   Allocation callstack:
	called from ./dg2(__frame_state_for+0x345)[0x80a3309]
	called from ./dg2(__frame_state_for+0x52b)[0x80a34ef]
	called from ./dg2(__frame_state_for+0x2b62)[0x80a5b26]
   Not Freed

0x813510c-0x813550c: Aligned len 1024
   Allocation callstack:
	called from ./dg2(__frame_state_for+0x345)[0x80a3309]
	called from ./dg2(__frame_state_for+0x52b)[0x80a34ef]
	called from ./dg2(__frame_state_for+0x2b62)[0x80a5b26]
   Not Freed

0x81355ac-0x81359ac: Aligned len 1024
   Allocation callstack:
	called from ./dg2(__frame_state_for+0x345)[0x80a3309]
	called from ./dg2(__frame_state_for+0x52b)[0x80a34ef]
	called from ./dg2(__frame_state_for+0x2b62)[0x80a5b26]
   Not Freed

0x8135a4c-0x8135e4c: Aligned len 1024
   Allocation callstack:
	called from ./dg2(__frame_state_for+0x345)[0x80a3309]
	called from ./dg2(__frame_state_for+0x52b)[0x80a34ef]
	called from ./dg2(__frame_state_for+0x2b62)[0x80a5b26]
   Not Freed

0x8135eec-0x81362ec: Aligned len 1024
   Allocation callstack:
	called from ./dg2(__frame_state_for+0x345)[0x80a3309]
	called from ./dg2(__frame_state_for+0x52b)[0x80a34ef]
	called from ./dg2(__frame_state_for+0x2b62)[0x80a5b26]
   Not Freed

0x813638c-0x813678c: Aligned len 1024
   Allocation callstack:
	called from ./dg2(__frame_state_for+0x345)[0x80a3309]
	called from ./dg2(__frame_state_for+0x52b)[0x80a34ef]
	called from ./dg2(__frame_state_for+0x2b62)[0x80a5b26]
   Not Freed

0x813682c-0x8136c2c: Aligned len 1024
   Allocation callstack:
	called from ./dg2(__frame_state_for+0x345)[0x80a3309]
	called from ./dg2(__frame_state_for+0x52b)[0x80a34ef]
	called from ./dg2(__frame_state_for+0x2b62)[0x80a5b26]
   Not Freed

0x8136ccc-0x81370cc: Aligned len 1024
   Allocation callstack:
	called from ./dg2(__frame_state_for+0x345)[0x80a3309]
	called from ./dg2(__frame_state_for+0x52b)[0x80a34ef]
	called from ./dg2(__frame_state_for+0x2b62)[0x80a5b26]
   Not Freed

0x813716c-0x813756c: Aligned len 1024
   Allocation callstack:
	called from ./dg2(__frame_state_for+0x345)[0x80a3309]
	called from ./dg2(__frame_state_for+0x52b)[0x80a34ef]
	called from ./dg2(__frame_state_for+0x2b62)[0x80a5b26]
   Not Freed

0x813760c-0x8137a0c: Aligned len 1024
   Allocation callstack:
	called from ./dg2(__frame_state_for+0x345)[0x80a3309]
	called from ./dg2(__frame_state_for+0x52b)[0x80a34ef]
	called from ./dg2(__frame_state_for+0x2b62)[0x80a5b26]
   Not Freed

0x8137aac-0x8137eac: Aligned len 1024
   Allocation callstack:
	called from ./dg2(__frame_state_for+0x345)[0x80a3309]
	called from ./dg2(__frame_state_for+0x52b)[0x80a34ef]
	called from ./dg2(__frame_state_for+0x2b62)[0x80a5b26]
   Not Freed

0x8137f4c-0x813834c: Aligned len 1024
   Allocation callstack:
	called from ./dg2(__frame_state_for+0x345)[0x80a3309]
	called from ./dg2(__frame_state_for+0x52b)[0x80a34ef]
	called from ./dg2(__frame_state_for+0x2b62)[0x80a5b26]
   Not Freed

0x81383ec-0x81387ec: Aligned len 1024
   Allocation callstack:
	called from ./dg2(__frame_state_for+0x345)[0x80a3309]
	called from ./dg2(__frame_state_for+0x52b)[0x80a34ef]
	called from ./dg2(__frame_state_for+0x2b62)[0x80a5b26]
   Not Freed

0x813888c-0x8138c8c: Aligned len 1024
   Allocation callstack:
	called from ./dg2(__frame_state_for+0x345)[0x80a3309]
	called from ./dg2(__frame_state_for+0x52b)[0x80a34ef]
	called from ./dg2(__frame_state_for+0x2b62)[0x80a5b26]
   Not Freed

0x8138d2c-0x813912c: Aligned len 1024
   Allocation callstack:
	called from ./dg2(__frame_state_for+0x345)[0x80a3309]
	called from ./dg2(__frame_state_for+0x52b)[0x80a34ef]
	called from ./dg2(__frame_state_for+0x2b62)[0x80a5b26]
   Not Freed

0x81391cc-0x81395cc: Aligned len 1024
   Allocation callstack:
	called from ./dg2(__frame_state_for+0x345)[0x80a3309]
	called from ./dg2(__frame_state_for+0x52b)[0x80a34ef]
	called from ./dg2(__frame_state_for+0x2b62)[0x80a5b26]
   Not Freed

0x813966c-0x8139a6c: Aligned len 1024
   Allocation callstack:
	called from ./dg2(__frame_state_for+0x345)[0x80a3309]
	called from ./dg2(__frame_state_for+0x52b)[0x80a34ef]
	called from ./dg2(__frame_state_for+0x2b62)[0x80a5b26]
   Not Freed

0x8139b0c-0x8139f0c: Aligned len 1024
   Allocation callstack:
	called from ./dg2(__frame_state_for+0x345)[0x80a3309]
	called from ./dg2(__frame_state_for+0x52b)[0x80a34ef]
	called from ./dg2(__frame_state_for+0x2b62)[0x80a5b26]
   Not Freed

0x8139fac-0x813a3ac: Aligned len 1024
   Allocation callstack:
	called from ./dg2(__frame_state_for+0x345)[0x80a3309]
	called from ./dg2(__frame_state_for+0x52b)[0x80a34ef]
	called from ./dg2(__frame_state_for+0x2b62)[0x80a5b26]
   Not Freed

0x813a44c-0x813a84c: Aligned len 1024
   Allocation callstack:
	called from ./dg2(__frame_state_for+0x345)[0x80a3309]
	called from ./dg2(__frame_state_for+0x52b)[0x80a34ef]
	called from ./dg2(__frame_state_for+0x2b62)[0x80a5b26]
   Not Freed

0x813a8ec-0x813acec: Aligned len 1024
   Allocation callstack:
	called from ./dg2(__frame_state_for+0x345)[0x80a3309]
	called from ./dg2(__frame_state_for+0x52b)[0x80a34ef]
	called from ./dg2(__frame_state_for+0x2b62)[0x80a5b26]
   Not Freed

0x813ad8c-0x813b18c: Aligned len 1024
   Allocation callstack:
	called from ./dg2(__frame_state_for+0x345)[0x80a3309]
	called from ./dg2(__frame_state_for+0x52b)[0x80a34ef]
	called from ./dg2(__frame_state_for+0x2b62)[0x80a5b26]
   Not Freed

0x813b22c-0x813b62c: Aligned len 1024
   Allocation callstack:
	called from ./dg2(__frame_state_for+0x345)[0x80a3309]
	called from ./dg2(__frame_state_for+0x52b)[0x80a34ef]
	called from ./dg2(__frame_state_for+0x2b62)[0x80a5b26]
   Not Freed

0x813b6cc-0x813bacc: Aligned len 1024
   Allocation callstack:
	called from ./dg2(__frame_state_for+0x345)[0x80a3309]
	called from ./dg2(__frame_state_for+0x52b)[0x80a34ef]
	called from ./dg2(__frame_state_for+0x2b62)[0x80a5b26]
   Not Freed

0x813bb6c-0x813bf6c: Aligned len 1024
   Allocation callstack:
	called from ./dg2(__frame_state_for+0x345)[0x80a3309]
	called from ./dg2(__frame_state_for+0x52b)[0x80a34ef]
	called from ./dg2(__frame_state_for+0x2b62)[0x80a5b26]
   Not Freed

0x813c00c-0x813c40c: Aligned len 1024
   Allocation callstack:
	called from ./dg2(__frame_state_for+0x345)[0x80a3309]
	called from ./dg2(__frame_state_for+0x52b)[0x80a34ef]
	called from ./dg2(__frame_state_for+0x2b62)[0x80a5b26]
   Not Freed

0x813c4ac-0x813c8ac: Aligned len 1024
   Allocation callstack:
	called from ./dg2(__frame_state_for+0x345)[0x80a3309]
	called from ./dg2(__frame_state_for+0x52b)[0x80a34ef]
	called from ./dg2(__frame_state_for+0x2b62)[0x80a5b26]
   Not Freed

0x813c94c-0x813cd4c: Aligned len 1024
   Allocation callstack:
	called from ./dg2(__frame_state_for+0x345)[0x80a3309]
	called from ./dg2(__frame_state_for+0x52b)[0x80a34ef]
	called from ./dg2(__frame_state_for+0x2b62)[0x80a5b26]
   Not Freed

0x813cdec-0x813d1ec: Aligned len 1024
   Allocation callstack:
	called from ./dg2(__frame_state_for+0x345)[0x80a3309]
	called from ./dg2(__frame_state_for+0x52b)[0x80a34ef]
	called from ./dg2(__frame_state_for+0x2b62)[0x80a5b26]
   Not Freed

0x813d28c-0x813d68c: Aligned len 1024
   Allocation callstack:
	called from ./dg2(__frame_state_for+0x345)[0x80a3309]
	called from ./dg2(__frame_state_for+0x52b)[0x80a34ef]
	called from ./dg2(__frame_state_for+0x2b62)[0x80a5b26]
   Not Freed

0x813d72c-0x813db2c: Aligned len 1024
   Allocation callstack:
	called from ./dg2(__frame_state_for+0x345)[0x80a3309]
	called from ./dg2(__frame_state_for+0x52b)[0x80a34ef]
	called from ./dg2(__frame_state_for+0x2b62)[0x80a5b26]
   Not Freed

0x813dbcc-0x813dfcc: Aligned len 1024
   Allocation callstack:
	called from ./dg2(__frame_state_for+0x345)[0x80a3309]
	called from ./dg2(__frame_state_for+0x52b)[0x80a34ef]
	called from ./dg2(__frame_state_for+0x2b62)[0x80a5b26]
   Not Freed

0x813e06c-0x813e46c: Aligned len 1024
   Allocation callstack:
	called from ./dg2(__frame_state_for+0x345)[0x80a3309]
	called from ./dg2(__frame_state_for+0x52b)[0x80a34ef]
	called from ./dg2(__frame_state_for+0x2b62)[0x80a5b26]
   Not Freed

0x813e50c-0x813e90c: Aligned len 1024
   Allocation callstack:
	called from ./dg2(__frame_state_for+0x345)[0x80a3309]
	called from ./dg2(__frame_state_for+0x52b)[0x80a34ef]
	called from ./dg2(__frame_state_for+0x2b62)[0x80a5b26]
   Not Freed

0x813e9ac-0x813edac: Aligned len 1024
   Allocation callstack:
	called from ./dg2(__frame_state_for+0x345)[0x80a3309]
	called from ./dg2(__frame_state_for+0x52b)[0x80a34ef]
	called from ./dg2(__frame_state_for+0x2b62)[0x80a5b26]
   Not Freed

0x813ee4c-0x813f24c: Aligned len 1024
   Allocation callstack:
	called from ./dg2(__frame_state_for+0x345)[0x80a3309]
	called from ./dg2(__frame_state_for+0x52b)[0x80a34ef]
	called from ./dg2(__frame_state_for+0x2b62)[0x80a5b26]
   Not Freed

0x813f2ec-0x813f6ec: Aligned len 1024
   Allocation callstack:
	called from ./dg2(__frame_state_for+0x345)[0x80a3309]
	called from ./dg2(__frame_state_for+0x52b)[0x80a34ef]
	called from ./dg2(__frame_state_for+0x2b62)[0x80a5b26]
   Not Freed

0x813f78c-0x813fb8c: Aligned len 1024
   Allocation callstack:
	called from ./dg2(__frame_state_for+0x345)[0x80a3309]
	called from ./dg2(__frame_state_for+0x52b)[0x80a34ef]
	called from ./dg2(__frame_state_for+0x2b62)[0x80a5b26]
   Not Freed

0x813fc2c-0x814002c: Aligned len 1024
   Allocation callstack:
	called from ./dg2(__frame_state_for+0x345)[0x80a3309]
	called from ./dg2(__frame_state_for+0x52b)[0x80a34ef]
	called from ./dg2(__frame_state_for+0x2b62)[0x80a5b26]
   Not Freed

0x81400cc-0x81404cc: Aligned len 1024
   Allocation callstack:
	called from ./dg2(__frame_state_for+0x345)[0x80a3309]
	called from ./dg2(__frame_state_for+0x52b)[0x80a34ef]
	called from ./dg2(__frame_state_for+0x2b62)[0x80a5b26]
   Not Freed

0x814056c-0x814096c: Aligned len 1024
   Allocation callstack:
	called from ./dg2(__frame_state_for+0x345)[0x80a3309]
	called from ./dg2(__frame_state_for+0x52b)[0x80a34ef]
	called from ./dg2(__frame_state_for+0x2b62)[0x80a5b26]
   Not Freed

0x8140a0c-0x8140e0c: Aligned len 1024
   Allocation callstack:
	called from ./dg2(__frame_state_for+0x345)[0x80a3309]
	called from ./dg2(__frame_state_for+0x52b)[0x80a34ef]
	called from ./dg2(__frame_state_for+0x2b62)[0x80a5b26]
   Not Freed

0x8140eac-0x81412ac: Aligned len 1024
   Allocation callstack:
	called from ./dg2(__frame_state_for+0x345)[0x80a3309]
	called from ./dg2(__frame_state_for+0x52b)[0x80a34ef]
	called from ./dg2(__frame_state_for+0x2b62)[0x80a5b26]
   Not Freed

0x814134c-0x814174c: Aligned len 1024
   Allocation callstack:
	called from ./dg2(__frame_state_for+0x345)[0x80a3309]
	called from ./dg2(__frame_state_for+0x52b)[0x80a34ef]
	called from ./dg2(__frame_state_for+0x2b62)[0x80a5b26]
   Not Freed

0x81417ec-0x8141bec: Aligned len 1024
   Allocation callstack:
	called from ./dg2(__frame_state_for+0x345)[0x80a3309]
	called from ./dg2(__frame_state_for+0x52b)[0x80a34ef]
	called from ./dg2(__frame_state_for+0x2b62)[0x80a5b26]
   Not Freed

0x8141c8c-0x814208c: Aligned len 1024
   Allocation callstack:
	called from ./dg2(__frame_state_for+0x345)[0x80a3309]
	called from ./dg2(__frame_state_for+0x52b)[0x80a34ef]
	called from ./dg2(__frame_state_for+0x2b62)[0x80a5b26]
   Not Freed

0x814212c-0x814252c: Aligned len 1024
   Allocation callstack:
	called from ./dg2(__frame_state_for+0x345)[0x80a3309]
	called from ./dg2(__frame_state_for+0x52b)[0x80a34ef]
	called from ./dg2(__frame_state_for+0x2b62)[0x80a5b26]
   Not Freed

0x81425cc-0x81429cc: Aligned len 1024
   Allocation callstack:
	called from ./dg2(__frame_state_for+0x345)[0x80a3309]
	called from ./dg2(__frame_state_for+0x52b)[0x80a34ef]
	called from ./dg2(__frame_state_for+0x2b62)[0x80a5b26]
   Not Freed

0x8142a6c-0x8142e6c: Aligned len 1024
   Allocation callstack:
	called from ./dg2(__frame_state_for+0x345)[0x80a3309]
	called from ./dg2(__frame_state_for+0x52b)[0x80a34ef]
	called from ./dg2(__frame_state_for+0x2b62)[0x80a5b26]
   Not Freed

0x8142f0c-0x814330c: Aligned len 1024
   Allocation callstack:
	called from ./dg2(__frame_state_for+0x345)[0x80a3309]
	called from ./dg2(__frame_state_for+0x52b)[0x80a34ef]
	called from ./dg2(__frame_state_for+0x2b62)[0x80a5b26]
   Not Freed

0x81433ac-0x81437ac: Aligned len 1024
   Allocation callstack:
	called from ./dg2(__frame_state_for+0x345)[0x80a3309]
	called from ./dg2(__frame_state_for+0x52b)[0x80a34ef]
	called from ./dg2(__frame_state_for+0x2b62)[0x80a5b26]
   Not Freed

0x814384c-0x8143c4c: Aligned len 1024
   Allocation callstack:
	called from ./dg2(__frame_state_for+0x345)[0x80a3309]
	called from ./dg2(__frame_state_for+0x52b)[0x80a34ef]
	called from ./dg2(__frame_state_for+0x2b62)[0x80a5b26]
   Not Freed

0x8143cec-0x81440ec: Aligned len 1024
   Allocation callstack:
	called from ./dg2(__frame_state_for+0x345)[0x80a3309]
	called from ./dg2(__frame_state_for+0x52b)[0x80a34ef]
	called from ./dg2(__frame_state_for+0x2b62)[0x80a5b26]
   Not Freed

0x814418c-0x814458c: Aligned len 1024
   Allocation callstack:
	called from ./dg2(__frame_state_for+0x345)[0x80a3309]
	called from ./dg2(__frame_state_for+0x52b)[0x80a34ef]
	called from ./dg2(__frame_state_for+0x2b62)[0x80a5b26]
   Not Freed

0x814462c-0x8144a2c: Aligned len 1024
   Allocation callstack:
	called from ./dg2(__frame_state_for+0x345)[0x80a3309]
	called from ./dg2(__frame_state_for+0x52b)[0x80a34ef]
	called from ./dg2(__frame_state_for+0x2b62)[0x80a5b26]
   Not Freed

0x8144acc-0x8144ecc: Aligned len 1024
   Allocation callstack:
	called from ./dg2(__frame_state_for+0x345)[0x80a3309]
	called from ./dg2(__frame_state_for+0x52b)[0x80a34ef]
	called from ./dg2(__frame_state_for+0x2b62)[0x80a5b26]
   Not Freed

0x8144f6c-0x814536c: Aligned len 1024
   Allocation callstack:
	called from ./dg2(__frame_state_for+0x345)[0x80a3309]
	called from ./dg2(__frame_state_for+0x52b)[0x80a34ef]
	called from ./dg2(__frame_state_for+0x2b62)[0x80a5b26]
   Not Freed

0x814540c-0x814580c: Aligned len 1024
   Allocation callstack:
	called from ./dg2(__frame_state_for+0x345)[0x80a3309]
	called from ./dg2(__frame_state_for+0x52b)[0x80a34ef]
	called from ./dg2(__frame_state_for+0x2b62)[0x80a5b26]
   Not Freed

0x81458ac-0x8145cac: Aligned len 1024
   Allocation callstack:
	called from ./dg2(__frame_state_for+0x345)[0x80a3309]
	called from ./dg2(__frame_state_for+0x52b)[0x80a34ef]
	called from ./dg2(__frame_state_for+0x2b62)[0x80a5b26]
   Not Freed

0x8145d4c-0x814614c: Aligned len 1024
   Allocation callstack:
	called from ./dg2(__frame_state_for+0x345)[0x80a3309]
	called from ./dg2(__frame_state_for+0x52b)[0x80a34ef]
	called from ./dg2(__frame_state_for+0x2b62)[0x80a5b26]
   Not Freed

0x81461ec-0x81465ec: Aligned len 1024
   Allocation callstack:
	called from ./dg2(__frame_state_for+0x345)[0x80a3309]
	called from ./dg2(__frame_state_for+0x52b)[0x80a34ef]
	called from ./dg2(__frame_state_for+0x2b62)[0x80a5b26]
   Not Freed

0x814668c-0x8146a8c: Aligned len 1024
   Allocation callstack:
	called from ./dg2(__frame_state_for+0x345)[0x80a3309]
	called from ./dg2(__frame_state_for+0x52b)[0x80a34ef]
	called from ./dg2(__frame_state_for+0x2b62)[0x80a5b26]
   Not Freed

0x8146b2c-0x8146f2c: Aligned len 1024
   Allocation callstack:
	called from ./dg2(__frame_state_for+0x345)[0x80a3309]
	called from ./dg2(__frame_state_for+0x52b)[0x80a34ef]
	called from ./dg2(__frame_state_for+0x2b62)[0x80a5b26]
   Not Freed

0x8146fcc-0x814706c: Aligned len 160
   Allocation callstack:
	called from ./dg2(__frame_state_for+0x345)[0x80a3309]
	called from ./dg2(__frame_state_for+0x52b)[0x80a34ef]
	called from ./dg2(XMapRaised+0x50198)[0x809aec8]
   Not Freed

0x815862c-0x8158d34: Aligned len 1800
   Allocation callstack:
	called from ./dg2(__frame_state_for+0x345)[0x80a3309]
	called from ./dg2(XMapRaised+0x328d8)[0x807d608]
	called from ./dg2(XMapRaised+0x32704)[0x807d434]
   Not Freed

0x8158d44-0x815927c: Aligned len 1336
   Allocation callstack:
	called from ./dg2(XMapRaised+0x3c8a3)[0x80875d3]
	called from ./dg2(XMapRaised+0x32983)[0x807d6b3]
	called from ./dg2(XMapRaised+0x32704)[0x807d434]
   Not Freed

0x81592fc-0x81592fe: Aligned len 2
   Allocation callstack:
	called from ./dg2(XMapRaised+0x3c8a3)[0x80875d3]
	called from ./dg2(XMapRaised+0x32983)[0x807d6b3]
	called from ./dg2(XMapRaised+0x32704)[0x807d434]
   Not Freed

0x815930c-0x8159338: Aligned len 44
   Allocation callstack:
	called from ./dg2(XMapRaised+0x3c8a3)[0x80875d3]
	called from ./dg2(XMapRaised+0x32983)[0x807d6b3]
	called from ./dg2(XMapRaised+0x32704)[0x807d434]
   Not Freed

0x8159354-0x8159367: Aligned len 19
   Allocation callstack:
	called from ./dg2(XMapRaised+0x3c8a3)[0x80875d3]
	called from ./dg2(XMapRaised+0x32983)[0x807d6b3]
	called from ./dg2(XMapRaised+0x32704)[0x807d434]
   Not Freed

0x8159374-0x8159387: Aligned len 19
   Allocation callstack:
	called from ./dg2(XMapRaised+0x3c8a3)[0x80875d3]
	called from ./dg2(XMapRaised+0x32983)[0x807d6b3]
	called from ./dg2(XMapRaised+0x32704)[0x807d434]
   Not Freed

0x81592d4-0x81592d9: Aligned len 5
   Allocation callstack:
	called from ./dg2(XMapRaised+0x3c8a3)[0x80875d3]
	called from ./dg2(XMapRaised+0x32983)[0x807d6b3]
	called from ./dg2(XMapRaised+0x32704)[0x807d434]
   Not Freed

0x81593b4-0x8159bb4: Aligned len 2048
   Allocation callstack:
	called from ./dg2(XMapRaised+0x3c8a3)[0x80875d3]
	called from ./dg2(XMapRaised+0x32983)[0x807d6b3]
	called from ./dg2(XMapRaised+0x32704)[0x807d434]
   Not Freed

0x8159bc4-0x8159be8: Aligned len 36
   Allocation callstack:
	called from ./dg2(XMapRaised+0x3c8a3)[0x80875d3]
	called from ./dg2(XMapRaised+0x32983)[0x807d6b3]
	called from ./dg2(XMapRaised+0x32704)[0x807d434]
   Not Freed

0x815928c-0x81592a5: Aligned len 25
   Allocation callstack:
	called from ./dg2(XMapRaised+0x3c8a3)[0x80875d3]
	called from ./dg2(XMapRaised+0x32983)[0x807d6b3]
	called from ./dg2(XMapRaised+0x32704)[0x807d434]
   Not Freed

0x8159d94-0x8159e04: Aligned len 112
   Allocation callstack:
	called from ./dg2(XMapRaised+0x3c8a3)[0x80875d3]
	called from ./dg2(XMapRaised+0x32983)[0x807d6b3]
	called from ./dg2(XMapRaised+0x32704)[0x807d434]
   Not Freed

0x8159e14-0x8159e64: Aligned len 80
   Allocation callstack:
	called from ./dg2(XMapRaised+0x3c8a3)[0x80875d3]
	called from ./dg2(XMapRaised+0x32983)[0x807d6b3]
	called from ./dg2(XMapRaised+0x32704)[0x807d434]
   Not Freed

0x8159e74-0x8159ec8: Aligned len 84
   Allocation callstack:
	called from ./dg2(XMapRaised+0x3c8a3)[0x80875d3]
	called from ./dg2(XMapRaised+0x32983)[0x807d6b3]
	called from ./dg2(XMapRaised+0x32704)[0x807d434]
   Not Freed

0x8159ed4-0x8159fd4: Aligned len 256
   Allocation callstack:
	called from ./dg2(XMapRaised+0x3c8a3)[0x80875d3]
	called from ./dg2(XMapRaised+0x32983)[0x807d6b3]
	called from ./dg2(XMapRaised+0x32704)[0x807d434]
   Not Freed

0x8159bf4-0x8159c64: Aligned len 112
   Allocation callstack:
	called from ./dg2(XMapRaised+0x3c8a3)[0x80875d3]
	called from ./dg2(XMapRaised+0x32983)[0x807d6b3]
	called from ./dg2(XMapRaised+0x32704)[0x807d434]
   Not Freed

0x8159c74-0x8159cd8: Aligned len 100
   Allocation callstack:
	called from ./dg2(XMapRaised+0x3c8a3)[0x80875d3]
	called from ./dg2(XMapRaised+0x32983)[0x807d6b3]
	called from ./dg2(XMapRaised+0x32704)[0x807d434]
   Not Freed

0x8159fe4-0x815a0e4: Aligned len 256
   Allocation callstack:
	called from ./dg2(XMapRaised+0x3c8a3)[0x80875d3]
	called from ./dg2(XMapRaised+0x32983)[0x807d6b3]
	called from ./dg2(XMapRaised+0x32704)[0x807d434]
   Not Freed

0x8159394-0x81593a4: Aligned len 16
   Allocation callstack:
	called from ./dg2(XMapRaised+0x3c8a3)[0x80875d3]
	called from ./dg2(XMapRaised+0x32983)[0x807d6b3]
	called from ./dg2(XMapRaised+0x32704)[0x807d434]
   Not Freed

0x8159ce4-0x8159d2c: Aligned len 72
   Allocation callstack:
	called from ./dg2(XMapRaised+0x3c8a3)[0x80875d3]
	called from ./dg2(XMapRaised+0x32983)[0x807d6b3]
	called from ./dg2(XMapRaised+0x32704)[0x807d434]
   Not Freed

0x81592b4-0x81592be: Aligned len 10
   Allocation callstack:
	called from ./dg2(XMapRaised+0x3c8a3)[0x80875d3]
	called from ./dg2(XMapRaised+0x32983)[0x807d6b3]
	called from ./dg2(XMapRaised+0x32704)[0x807d434]
   Not Freed

0x8159d3c-0x8159d84: Aligned len 72
   Allocation callstack:
	called from ./dg2(XMapRaised+0x32a02)[0x807d732]
	called from ./dg2(XMapRaised+0x32704)[0x807d434]
	called from ./dg2(XMapRaised+0x8002)[0x8052d32]
   Not Freed

0x815a0f4-0x815a118: Aligned len 36
   Allocation callstack:
	called from ./dg2(XMapRaised+0x32a5d)[0x807d78d]
	called from ./dg2(XMapRaised+0x32704)[0x807d434]
	called from ./dg2(XMapRaised+0x8002)[0x8052d32]
   Not Freed

0x815a124-0x815a188: Aligned len 100
   Allocation callstack:
	called from ./dg2(__frame_state_for+0x345)[0x80a3309]
	called from ./dg2(__frame_state_for+0x52b)[0x80a34ef]
	called from ./dg2(XMapRaised+0x32cf7)[0x807da27]
   Not Freed

0x815a194-0x815a1e0: Aligned len 76
   Allocation callstack:
	called from ./dg2(__frame_state_for+0x345)[0x80a3309]
	called from ./dg2(__frame_state_for+0x52b)[0x80a34ef]
	called from ./dg2(XMapRaised+0x32d81)[0x807dab1]
   Not Freed

0x815a1ec-0x815a238: Aligned len 76
   Allocation callstack:
	called from ./dg2(__frame_state_for+0x345)[0x80a3309]
	called from ./dg2(__frame_state_for+0x52b)[0x80a34ef]
	called from ./dg2(XMapRaised+0x32d81)[0x807dab1]
   Not Freed

0x815a244-0x815a290: Aligned len 76
   Allocation callstack:
	called from ./dg2(__frame_state_for+0x345)[0x80a3309]
	called from ./dg2(__frame_state_for+0x52b)[0x80a34ef]
	called from ./dg2(XMapRaised+0x32d81)[0x807dab1]
   Not Freed

0x815a29c-0x815a2e8: Aligned len 76
   Allocation callstack:
	called from ./dg2(__frame_state_for+0x345)[0x80a3309]
	called from ./dg2(__frame_state_for+0x52b)[0x80a34ef]
	called from ./dg2(XMapRaised+0x32d81)[0x807dab1]
   Not Freed

0x815a2f4-0x815a340: Aligned len 76
   Allocation callstack:
	called from ./dg2(__frame_state_for+0x345)[0x80a3309]
	called from ./dg2(__frame_state_for+0x52b)[0x80a34ef]
	called from ./dg2(XMapRaised+0x32d81)[0x807dab1]
   Not Freed

0x815a34c-0x815a398: Aligned len 76
   Allocation callstack:
	called from ./dg2(__frame_state_for+0x345)[0x80a3309]
	called from ./dg2(__frame_state_for+0x52b)[0x80a34ef]
	called from ./dg2(XMapRaised+0x32d81)[0x807dab1]
   Not Freed

0x815a3a4-0x815a3f0: Aligned len 76
   Allocation callstack:
	called from ./dg2(__frame_state_for+0x345)[0x80a3309]
	called from ./dg2(__frame_state_for+0x52b)[0x80a34ef]
	called from ./dg2(XMapRaised+0x32d81)[0x807dab1]
   Not Freed

0x815a3fc-0x815a448: Aligned len 76
   Allocation callstack:
	called from ./dg2(__frame_state_for+0x345)[0x80a3309]
	called from ./dg2(__frame_state_for+0x52b)[0x80a34ef]
	called from ./dg2(XMapRaised+0x32d81)[0x807dab1]
   Not Freed

0x815a454-0x815a4a0: Aligned len 76
   Allocation callstack:
	called from ./dg2(__frame_state_for+0x345)[0x80a3309]
	called from ./dg2(__frame_state_for+0x52b)[0x80a34ef]
	called from ./dg2(XMapRaised+0x32d81)[0x807dab1]
   Not Freed

0x815a4ac-0x815a4f8: Aligned len 76
   Allocation callstack:
	called from ./dg2(__frame_state_for+0x345)[0x80a3309]
	called from ./dg2(__frame_state_for+0x52b)[0x80a34ef]
	called from ./dg2(XMapRaised+0x32d81)[0x807dab1]
   Not Freed

0x815a504-0x815a550: Aligned len 76
   Allocation callstack:
	called from ./dg2(__frame_state_for+0x345)[0x80a3309]
	called from ./dg2(__frame_state_for+0x52b)[0x80a34ef]
	called from ./dg2(XMapRaised+0x32d81)[0x807dab1]
   Not Freed

0x815a55c-0x815a5a8: Aligned len 76
   Allocation callstack:
	called from ./dg2(__frame_state_for+0x345)[0x80a3309]
	called from ./dg2(__frame_state_for+0x52b)[0x80a34ef]
	called from ./dg2(XMapRaised+0x32d81)[0x807dab1]
   Not Freed

0x815a5b4-0x815a600: Aligned len 76
   Allocation callstack:
	called from ./dg2(__frame_state_for+0x345)[0x80a3309]
	called from ./dg2(__frame_state_for+0x52b)[0x80a34ef]
	called from ./dg2(XMapRaised+0x32d81)[0x807dab1]
   Not Freed

0x815a60c-0x815a658: Aligned len 76
   Allocation callstack:
	called from ./dg2(__frame_state_for+0x345)[0x80a3309]
	called from ./dg2(__frame_state_for+0x52b)[0x80a34ef]
	called from ./dg2(XMapRaised+0x32d81)[0x807dab1]
   Not Freed

0x815a664-0x815a6b0: Aligned len 76
   Allocation callstack:
	called from ./dg2(__frame_state_for+0x345)[0x80a3309]
	called from ./dg2(__frame_state_for+0x52b)[0x80a34ef]
	called from ./dg2(XMapRaised+0x32d81)[0x807dab1]
   Not Freed

0x815a6bc-0x815a708: Aligned len 76
   Allocation callstack:
	called from ./dg2(__frame_state_for+0x345)[0x80a3309]
	called from ./dg2(__frame_state_for+0x52b)[0x80a34ef]
	called from ./dg2(XMapRaised+0x32d81)[0x807dab1]
   Not Freed

0x815a714-0x815a760: Aligned len 76
   Allocation callstack:
	called from ./dg2(__frame_state_for+0x345)[0x80a3309]
	called from ./dg2(__frame_state_for+0x52b)[0x80a34ef]
	called from ./dg2(XMapRaised+0x32d81)[0x807dab1]
   Not Freed

0x815a76c-0x815a7b8: Aligned len 76
   Allocation callstack:
	called from ./dg2(__frame_state_for+0x345)[0x80a3309]
	called from ./dg2(__frame_state_for+0x52b)[0x80a34ef]
	called from ./dg2(XMapRaised+0x32d81)[0x807dab1]
   Not Freed

0x815a7c4-0x815a810: Aligned len 76
   Allocation callstack:
	called from ./dg2(__frame_state_for+0x345)[0x80a3309]
	called from ./dg2(__frame_state_for+0x52b)[0x80a34ef]
	called from ./dg2(XMapRaised+0x32d81)[0x807dab1]
   Not Freed

0x815a81c-0x815a868: Aligned len 76
   Allocation callstack:
	called from ./dg2(__frame_state_for+0x345)[0x80a3309]
	called from ./dg2(__frame_state_for+0x52b)[0x80a34ef]
	called from ./dg2(XMapRaised+0x32d81)[0x807dab1]
   Not Freed

0x815a874-0x815a8c0: Aligned len 76
   Allocation callstack:
	called from ./dg2(__frame_state_for+0x345)[0x80a3309]
	called from ./dg2(__frame_state_for+0x52b)[0x80a34ef]
	called from ./dg2(XMapRaised+0x32d81)[0x807dab1]
   Not Freed

0x815a8cc-0x815a918: Aligned len 76
   Allocation callstack:
	called from ./dg2(__frame_state_for+0x345)[0x80a3309]
	called from ./dg2(__frame_state_for+0x52b)[0x80a34ef]
	called from ./dg2(XMapRaised+0x32d81)[0x807dab1]
   Not Freed

0x815a924-0x815a970: Aligned len 76
   Allocation callstack:
	called from ./dg2(__frame_state_for+0x345)[0x80a3309]
	called from ./dg2(__frame_state_for+0x52b)[0x80a34ef]
	called from ./dg2(XMapRaised+0x32d81)[0x807dab1]
   Not Freed

0x815a97c-0x815a9c8: Aligned len 76
   Allocation callstack:
	called from ./dg2(__frame_state_for+0x345)[0x80a3309]
	called from ./dg2(__frame_state_for+0x52b)[0x80a34ef]
	called from ./dg2(XMapRaised+0x32d81)[0x807dab1]
   Not Freed

0x815a9d4-0x815aa20: Aligned len 76
   Allocation callstack:
	called from ./dg2(__frame_state_for+0x345)[0x80a3309]
	called from ./dg2(__frame_state_for+0x52b)[0x80a34ef]
	called from ./dg2(XMapRaised+0x32d81)[0x807dab1]
   Not Freed

0x815aa2c-0x815aa48: Aligned len 28
   Allocation callstack:
	called from ./dg2(__frame_state_for+0x345)[0x80a3309]
	called from ./dg2(__frame_state_for+0x52b)[0x80a34ef]
	called from ./dg2(XMapRaised+0x32e45)[0x807db75]
   Not Freed

0x815aa54-0x815aa68: Aligned len 20
   Allocation callstack:
	called from ./dg2(__frame_state_for+0x345)[0x80a3309]
	called from ./dg2(__frame_state_for+0x52b)[0x80a34ef]
	called from ./dg2(XMapRaised+0x32ec8)[0x807dbf8]
   Not Freed

0x815aa74-0x815aa88: Aligned len 20
   Allocation callstack:
	called from ./dg2(__frame_state_for+0x345)[0x80a3309]
	called from ./dg2(__frame_state_for+0x52b)[0x80a34ef]
	called from ./dg2(XMapRaised+0x32ec8)[0x807dbf8]
   Not Freed

0x815aa94-0x815aaa8: Aligned len 20
   Allocation callstack:
	called from ./dg2(__frame_state_for+0x345)[0x80a3309]
	called from ./dg2(__frame_state_for+0x52b)[0x80a34ef]
	called from ./dg2(XMapRaised+0x32ec8)[0x807dbf8]
   Not Freed

0x815aab4-0x815aac8: Aligned len 20
   Allocation callstack:
	called from ./dg2(__frame_state_for+0x345)[0x80a3309]
	called from ./dg2(__frame_state_for+0x52b)[0x80a34ef]
	called from ./dg2(XMapRaised+0x32ec8)[0x807dbf8]
   Not Freed

0x815aad4-0x815aae8: Aligned len 20
   Allocation callstack:
	called from ./dg2(__frame_state_for+0x345)[0x80a3309]
	called from ./dg2(__frame_state_for+0x52b)[0x80a34ef]
	called from ./dg2(XMapRaised+0x32ec8)[0x807dbf8]
   Not Freed

0x815aaf4-0x815ab08: Aligned len 20
   Allocation callstack:
	called from ./dg2(__frame_state_for+0x345)[0x80a3309]
	called from ./dg2(__frame_state_for+0x52b)[0x80a34ef]
	called from ./dg2(XMapRaised+0x32ec8)[0x807dbf8]
   Not Freed

0x815ab14-0x815ab28: Aligned len 20
   Allocation callstack:
	called from ./dg2(__frame_state_for+0x345)[0x80a3309]
	called from ./dg2(__frame_state_for+0x52b)[0x80a34ef]
	called from ./dg2(XMapRaised+0x32ec8)[0x807dbf8]
   Not Freed

0x4129c00c-0x4131130c: Aligned len 480000
   Allocation callstack:
	called from ./dg2(__frame_state_for+0x345)[0x80a3309]
	called from ./dg2(__frame_state_for+0x52b)[0x80a34ef]
	called from ./dg2(XMapRaised+0x32f8f)[0x807dcbf]
   Not Freed

0x4131200c-0x4138730c: Aligned len 480000
   Allocation callstack:
	called from ./dg2(__frame_state_for+0x345)[0x80a3309]
	called from ./dg2(__frame_state_for+0x52b)[0x80a34ef]
	called from ./dg2(XMapRaised+0x32fbc)[0x807dcec]
   Not Freed

0x815ab34-0x815b494: Aligned len 2400
   Allocation callstack:
	called from ./dg2(__frame_state_for+0x345)[0x80a3309]
	called from ./dg2(__frame_state_for+0x52b)[0x80a34ef]
	called from ./dg2(XMapRaised+0x32fef)[0x807dd1f]
   Not Freed

0x815b4a4-0x815be04: Aligned len 2400
   Allocation callstack:
	called from ./dg2(__frame_state_for+0x345)[0x80a3309]
	called from ./dg2(__frame_state_for+0x52b)[0x80a34ef]
	called from ./dg2(XMapRaised+0x33022)[0x807dd52]
   Not Freed

0x815be14-0x815be2c: Aligned len 24
   Allocation callstack:
	called from ./dg2(XMapRaised+0x33742)[0x807e472]
	called from ./dg2(XMapRaised+0x8218)[0x8052f48]
	called from /lib/libc.so.6(__libc_start_main+0xcc)[0x40167f5c]
   Not Freed

0x815be3c-0x815beac: Aligned len 112
   Allocation callstack:
	called from ./dg2(XMapRaised+0x338c1)[0x807e5f1]
	called from ./dg2(XMapRaised+0x8218)[0x8052f48]
	called from /lib/libc.so.6(__libc_start_main+0xcc)[0x40167f5c]
   Not Freed

0x815bebc-0x815bf14: Aligned len 88
   Allocation callstack:
	called from ./dg2(XMapRaised+0x33910)[0x807e640]
	called from ./dg2(XMapRaised+0x8218)[0x8052f48]
	called from /lib/libc.so.6(__libc_start_main+0xcc)[0x40167f5c]
   Not Freed

0x815bf24-0x815bf8c: Aligned len 104
   Allocation callstack:
	called from ./dg2(XMapRaised+0x33afc)[0x807e82c]
	called from ./dg2(XMapRaised+0x8218)[0x8052f48]
	called from /lib/libc.so.6(__libc_start_main+0xcc)[0x40167f5c]
   Not Freed

0x81816f4-0x8181f4c: Aligned len 2136
   Allocation callstack:
	called from ./dg2(__frame_state_for+0x345)[0x80a3309]
	called from ./dg2(XMapRaised+0x830d)[0x805303d]
	called from /lib/libc.so.6(__libc_start_main+0xcc)[0x40167f5c]
   Not Freed

0x815c02c-0x815c068: Aligned len 60
   Allocation callstack:
	called from ./dg2(__frame_state_for+0x345)[0x80a3309]
	called from ./dg2(XMapRaised+0x4d33c)[0x809806c]
	called from ./dg2(XMapRaised+0x8424)[0x8053154]
   Not Freed

0x815c074-0x815c0a4: Aligned len 48
   Allocation callstack:
	called from ./dg2(__frame_state_for+0x345)[0x80a3309]
	called from ./dg2(XMapRaised+0x4a17e)[0x8094eae]
	called from ./dg2(XMapRaised+0x4a0c2)[0x8094df2]
   Not Freed

0x818236c-0x818276c: Aligned len 1024
   Allocation callstack:
	called from ./dg2(__frame_state_for+0x345)[0x80a3309]
	called from ./dg2(__frame_state_for+0x52b)[0x80a34ef]
	called from ./dg2(__frame_state_for+0x2b62)[0x80a5b26]
   Not Freed

0x818277c-0x81827fc: Aligned len 128
   Allocation callstack:
	called from ./dg2(__frame_state_for+0x345)[0x80a3309]
	called from ./dg2(__frame_state_for+0x52b)[0x80a34ef]
	called from ./dg2(XMapRaised+0x43dff)[0x808eb2f]
   Not Freed

0x8186b2c-0x8186b90: Aligned len 100
   Allocation callstack:
	called from ./dg2(__frame_state_for+0x345)[0x80a3309]
	called from ./dg2(__frame_state_for+0x52b)[0x80a34ef]
	called from ./dg2(XMapRaised+0x51315)[0x809c045]
   Not Freed

0x8186b9c-0x818739c: Aligned len 2048
   Allocation callstack:
	called from ./dg2(__frame_state_for+0x345)[0x80a3309]
	called from ./dg2(__frame_state_for+0x52b)[0x80a34ef]
	called from ./dg2(__frame_state_for+0x2b62)[0x80a5b26]
   Not Freed

0x81873ac-0x81873fc: Aligned len 80
   Allocation callstack:
	called from ./dg2(__frame_state_for+0x345)[0x80a3309]
	called from ./dg2(__frame_state_for+0x52b)[0x80a34ef]
	called from ./dg2(XMapRaised+0x43dff)[0x808eb2f]
   Not Freed

0x818740c-0x8187c0c: Aligned len 2048
   Allocation callstack:
	called from ./dg2(__frame_state_for+0x345)[0x80a3309]
	called from ./dg2(__frame_state_for+0x52b)[0x80a34ef]
	called from ./dg2(__frame_state_for+0x2b62)[0x80a5b26]
   Not Freed

0x8187c1c-0x8187c6c: Aligned len 80
   Allocation callstack:
	called from ./dg2(__frame_state_for+0x345)[0x80a3309]
	called from ./dg2(__frame_state_for+0x52b)[0x80a34ef]
	called from ./dg2(XMapRaised+0x43dff)[0x808eb2f]
   Not Freed

0x8187c7c-0x8187ce0: Aligned len 100
   Allocation callstack:
	called from ./dg2(__frame_state_for+0x345)[0x80a3309]
	called from ./dg2(__frame_state_for+0x52b)[0x80a34ef]
	called from ./dg2(XMapRaised+0x51315)[0x809c045]
   Not Freed

0x8187cec-0x81884ec: Aligned len 2048
   Allocation callstack:
	called from ./dg2(__frame_state_for+0x345)[0x80a3309]
	called from ./dg2(__frame_state_for+0x52b)[0x80a34ef]
	called from ./dg2(__frame_state_for+0x2b62)[0x80a5b26]
   Not Freed

0x81884fc-0x818854c: Aligned len 80
   Allocation callstack:
	called from ./dg2(__frame_state_for+0x345)[0x80a3309]
	called from ./dg2(__frame_state_for+0x52b)[0x80a34ef]
	called from ./dg2(XMapRaised+0x43dff)[0x808eb2f]
   Not Freed

0x818855c-0x8188d5c: Aligned len 2048
   Allocation callstack:
	called from ./dg2(__frame_state_for+0x345)[0x80a3309]
	called from ./dg2(__frame_state_for+0x52b)[0x80a34ef]
	called from ./dg2(__frame_state_for+0x2b62)[0x80a5b26]
   Not Freed

0x8188d6c-0x8188dbc: Aligned len 80
   Allocation callstack:
	called from ./dg2(__frame_state_for+0x345)[0x80a3309]
	called from ./dg2(__frame_state_for+0x52b)[0x80a34ef]
	called from ./dg2(XMapRaised+0x43dff)[0x808eb2f]
   Not Freed

0x8188dfc-0x8188e44: Aligned len 72
   Allocation callstack:
	called from ./dg2(XMapRaised+0x4bf71)[0x8096ca1]
	called from ./dg2(XMapRaised+0x35077)[0x807fda7]
	called from ./dg2(XMapRaised+0x8958)[0x8053688]
   Not Freed

0x8188e54-0x8188e5e: Aligned len 10
   Allocation callstack:
	called from ./dg2(XMapRaised+0x4bf71)[0x8096ca1]
	called from ./dg2(XMapRaised+0x35077)[0x807fda7]
	called from ./dg2(XMapRaised+0x8958)[0x8053688]
   Not Freed

0x8188e6c-0x8188e94: Aligned len 40
   Allocation callstack:
	called from ./dg2(XMapRaised+0x4bf71)[0x8096ca1]
	called from ./dg2(XMapRaised+0x35077)[0x807fda7]
	called from ./dg2(XMapRaised+0x8958)[0x8053688]
   Not Freed

0x8188ea4-0x8188ebc: Aligned len 24
   Allocation callstack:
	called from ./dg2(XMapRaised+0x4bf71)[0x8096ca1]
	called from ./dg2(XMapRaised+0x35077)[0x807fda7]
	called from ./dg2(XMapRaised+0x8958)[0x8053688]
   Not Freed

0x81899f4-0x8189acc: Aligned len 216
   Allocation callstack:
	called from ./dg2(XMapRaised+0x4bf71)[0x8096ca1]
	called from ./dg2(XMapRaised+0x35077)[0x807fda7]
	called from ./dg2(XMapRaised+0x8958)[0x8053688]
   Not Freed

0x8189adc-0x8189ae8: Aligned len 12
   Allocation callstack:
	called from ./dg2(XMapRaised+0x4bf71)[0x8096ca1]
	called from ./dg2(XMapRaised+0x35077)[0x807fda7]
	called from ./dg2(XMapRaised+0x8958)[0x8053688]
   Not Freed

0x8189af4-0x8189b00: Aligned len 12
   Allocation callstack:
	called from ./dg2(XMapRaised+0x4bf71)[0x8096ca1]
	called from ./dg2(XMapRaised+0x35077)[0x807fda7]
	called from ./dg2(XMapRaised+0x8958)[0x8053688]
   Not Freed

0x8189b0c-0x8189b24: Aligned len 24
   Allocation callstack:
	called from ./dg2(XMapRaised+0x4bf71)[0x8096ca1]
	called from ./dg2(XMapRaised+0x35077)[0x807fda7]
	called from ./dg2(XMapRaised+0x8958)[0x8053688]
   Not Freed

0x8189b34-0x8189b40: Aligned len 12
   Allocation callstack:
	called from ./dg2(XMapRaised+0x4bf71)[0x8096ca1]
	called from ./dg2(XMapRaised+0x35077)[0x807fda7]
	called from ./dg2(XMapRaised+0x8958)[0x8053688]
   Not Freed

0x8189b4c-0x8189b58: Aligned len 12
   Allocation callstack:
	called from ./dg2(XMapRaised+0x4bf71)[0x8096ca1]
	called from ./dg2(XMapRaised+0x35077)[0x807fda7]
	called from ./dg2(XMapRaised+0x8958)[0x8053688]
   Not Freed

0x8189b64-0x8189b70: Aligned len 12
   Allocation callstack:
	called from ./dg2(XMapRaised+0x4bf71)[0x8096ca1]
	called from ./dg2(XMapRaised+0x35077)[0x807fda7]
	called from ./dg2(XMapRaised+0x8958)[0x8053688]
   Not Freed

0x8189b7c-0x8189b88: Aligned len 12
   Allocation callstack:
	called from ./dg2(XMapRaised+0x4bf71)[0x8096ca1]
	called from ./dg2(XMapRaised+0x35077)[0x807fda7]
	called from ./dg2(XMapRaised+0x8958)[0x8053688]
   Not Freed

0x8189b94-0x8189bb8: Aligned len 36
   Allocation callstack:
	called from ./dg2(XMapRaised+0x4bf71)[0x8096ca1]
	called from ./dg2(XMapRaised+0x35077)[0x807fda7]
	called from ./dg2(XMapRaised+0x8958)[0x8053688]
   Not Freed

0x8189bc4-0x818a3c4: Aligned len 2048
   Allocation callstack:
	called from ./dg2(XMapRaised+0x4bf71)[0x8096ca1]
	called from ./dg2(XMapRaised+0x35077)[0x807fda7]
	called from ./dg2(XMapRaised+0x8958)[0x8053688]
   Not Freed

0x818a3d4-0x818a7d4: Aligned len 1024
   Allocation callstack:
	called from ./dg2(XMapRaised+0x4bf71)[0x8096ca1]
	called from ./dg2(XMapRaised+0x35077)[0x807fda7]
	called from ./dg2(XMapRaised+0x8958)[0x8053688]
   Not Freed

0x818a7e4-0x818a8e4: Aligned len 256
   Allocation callstack:
	called from ./dg2(XMapRaised+0x4bf71)[0x8096ca1]
	called from ./dg2(XMapRaised+0x35077)[0x807fda7]
	called from ./dg2(XMapRaised+0x8958)[0x8053688]
   Not Freed

NJAMD totals:

	Allocation totals:		659 total, 173 leaked
	Leaked User Memory:		1.018 mB
	Peak User Memory:		1.977 mB
	NJAMD Overhead at peak:		3.977 kB
	Peak NJAMD Overhead:		4.383 kB
	Average NJAMD Overhead:		8 bytes per alloc
	Address space used:		1.020 mB
	NJAMD Overhead at exit:		1.352 kB

